#
# There is insufficient memory for the Java Runtime Environment to continue.
# Native memory allocation (malloc) failed to allocate 2128816 bytes for Chunk::new
# Possible reasons:
#   The system is out of physical RAM or swap space
#   The process is running with CompressedOops enabled, and the Java Heap may be blocking the growth of the native heap
# Possible solutions:
#   Reduce memory load on the system
#   Increase physical memory or swap space
#   Check if swap backing store is full
#   Decrease Java heap size (-Xmx/-Xms)
#   Decrease number of Java threads
#   Decrease Java thread stack sizes (-Xss)
#   Set larger code cache with -XX:ReservedCodeCacheSize=
#   JVM is running with Zero Based Compressed Oops mode in which the Java heap is
#     placed in the first 32GB address space. The Java Heap base address is the
#     maximum limit for the native heap growth. Please use -XX:HeapBaseMinAddress
#     to set the Java Heap base and to place the Java Heap above 32GB virtual address.
# This output file may be truncated or incomplete.
#
#  Out of Memory Error (./src/hotspot/share/memory/arena.cpp:197), pid=8, tid=7312
#
# JRE version: OpenJDK Runtime Environment (11.0.12+7) (build 11.0.12+7-b1504.28-7817840)
# Java VM: OpenJDK 64-Bit Server VM (11.0.12+7-b1504.28-7817840, mixed mode, tiered, compressed oops, g1 gc, windows-amd64)
# No core dump will be written. Minidumps are not enabled by default on client versions of Windows
#

---------------  S U M M A R Y ------------

Command Line: org.jetbrains.kotlin.cli.jvm.K2JVMCompiler @C:\Users\Usuario Final\AndroidStudioProjects\p3dispomov2\app\build\20220806_2344504639379925037.compiler.options

Host: Intel(R) Core(TM) i3-3240 CPU @ 3.40GHz, 4 cores, 11G,  Windows 10 , 64 bit Build 19041 (10.0.19041.1806)
Time: Sat Aug  6 20:44:03 2022 Hora universal coordinada elapsed time: 4.008386 seconds (0d 0h 0m 4s)

---------------  T H R E A D  ---------------

Current thread (0x000001bfb82e7800):  JavaThread "C2 CompilerThread1" daemon [_thread_in_native, id=7312, stack(0x0000003ff8d00000,0x0000003ff8e00000)]


Current CompileTask:
C2:   4008 2812       4       java.lang.ClassLoader::loadClass (7 bytes)

Stack: [0x0000003ff8d00000,0x0000003ff8e00000]
Native frames: (J=compiled Java code, j=interpreted, Vv=VM code, C=native code)
V  [jvm.dll+0x5fbcea]
V  [jvm.dll+0x731905]
V  [jvm.dll+0x732f1d]
V  [jvm.dll+0x7335d3]
V  [jvm.dll+0x247bf8]
V  [jvm.dll+0xc018c]
V  [jvm.dll+0xc06cc]
V  [jvm.dll+0x35b31d]
V  [jvm.dll+0x19d0bc]
V  [jvm.dll+0x20070e]
V  [jvm.dll+0x1ff794]
V  [jvm.dll+0x18868c]
V  [jvm.dll+0x20e0d7]
V  [jvm.dll+0x20c901]
V  [jvm.dll+0x6f9b7f]
V  [jvm.dll+0x6f26a5]
V  [jvm.dll+0x5fabf6]
C  [ucrtbase.dll+0x21bb2]
C  [KERNEL32.DLL+0x17034]
C  [ntdll.dll+0x52651]


---------------  P R O C E S S  ---------------

Threads class SMR info:
_java_thread_list=0x000001bfb91e9e70, length=11, elements={
0x000001bf98dbc000, 0x000001bfb5765800, 0x000001bfb5760800, 0x000001bfb5fa6000,
0x000001bfb5fa8000, 0x000001bfb5fa9800, 0x000001bfb5ff2800, 0x000001bfb5ff6800,
0x000001bfb5ff9800, 0x000001bfb6151800, 0x000001bfb82e7800
}

Java Threads: ( => current thread )
  0x000001bf98dbc000 JavaThread "main" [_thread_in_vm, id=10672, stack(0x0000003ff7c00000,0x0000003ff7d00000)]
  0x000001bfb5765800 JavaThread "Reference Handler" daemon [_thread_blocked, id=5272, stack(0x0000003ff8300000,0x0000003ff8400000)]
  0x000001bfb5760800 JavaThread "Finalizer" daemon [_thread_blocked, id=8116, stack(0x0000003ff8400000,0x0000003ff8500000)]
  0x000001bfb5fa6000 JavaThread "Signal Dispatcher" daemon [_thread_blocked, id=1044, stack(0x0000003ff8500000,0x0000003ff8600000)]
  0x000001bfb5fa8000 JavaThread "Attach Listener" daemon [_thread_blocked, id=9620, stack(0x0000003ff8600000,0x0000003ff8700000)]
  0x000001bfb5fa9800 JavaThread "Service Thread" daemon [_thread_blocked, id=8784, stack(0x0000003ff8700000,0x0000003ff8800000)]
  0x000001bfb5ff2800 JavaThread "C2 CompilerThread0" daemon [_thread_in_native, id=9568, stack(0x0000003ff8800000,0x0000003ff8900000)]
  0x000001bfb5ff6800 JavaThread "C1 CompilerThread0" daemon [_thread_in_native, id=12360, stack(0x0000003ff8900000,0x0000003ff8a00000)]
  0x000001bfb5ff9800 JavaThread "Sweeper thread" daemon [_thread_blocked, id=1352, stack(0x0000003ff8a00000,0x0000003ff8b00000)]
  0x000001bfb6151800 JavaThread "Common-Cleaner" daemon [_thread_blocked, id=3328, stack(0x0000003ff8c00000,0x0000003ff8d00000)]
=>0x000001bfb82e7800 JavaThread "C2 CompilerThread1" daemon [_thread_in_native, id=7312, stack(0x0000003ff8d00000,0x0000003ff8e00000)]

Other Threads:
  0x000001bfb5f93000 VMThread "VM Thread" [stack: 0x0000003ff8200000,0x0000003ff8300000] [id=2780]
  0x000001bfb614a800 WatcherThread [stack: 0x0000003ff8b00000,0x0000003ff8c00000] [id=7524]
  0x000001bf98dd4800 GCTaskThread "GC Thread#0" [stack: 0x0000003ff7d00000,0x0000003ff7e00000] [id=8780]
  0x000001bfb66eb000 GCTaskThread "GC Thread#1" [stack: 0x0000003ff8e00000,0x0000003ff8f00000] [id=228]
  0x000001bfb67c3800 GCTaskThread "GC Thread#2" [stack: 0x0000003ff8f00000,0x0000003ff9000000] [id=6952]
  0x000001bfb67c4000 GCTaskThread "GC Thread#3" [stack: 0x0000003ff9000000,0x0000003ff9100000] [id=8712]
  0x000001bf98e1b800 ConcurrentGCThread "G1 Main Marker" [stack: 0x0000003ff7e00000,0x0000003ff7f00000] [id=7876]
  0x000001bf98e1c800 ConcurrentGCThread "G1 Conc#0" [stack: 0x0000003ff7f00000,0x0000003ff8000000] [id=4296]
  0x000001bfb55be800 ConcurrentGCThread "G1 Refine#0" [stack: 0x0000003ff8000000,0x0000003ff8100000] [id=12572]
  0x000001bfb55bf800 ConcurrentGCThread "G1 Young RemSet Sampling" [stack: 0x0000003ff8100000,0x0000003ff8200000] [id=1028]

Threads with active compile tasks:
C2 CompilerThread0   4028 3109       4       jdk.internal.loader.BuiltinClassLoader::defineClass (121 bytes)
C1 CompilerThread0   4029 3139       3       org.jetbrains.kotlin.com.intellij.openapi.util.io.FileUtilRt::getNameWithoutExtension (49 bytes)
C2 CompilerThread1   4029 2812       4       java.lang.ClassLoader::loadClass (7 bytes)

VM state:not at safepoint (normal execution)

VM Mutex/Monitor currently owned by a thread: None

Heap address: 0x0000000740800000, size: 3064 MB, Compressed Oops mode: Zero based, Oop shift amount: 3
Narrow klass base: 0x0000000800000000, Narrow klass shift: 0
Compressed class space size: 1073741824 Address: 0x0000000800000000

Heap:
 garbage-first heap   total 196608K, used 72197K [0x0000000740800000, 0x0000000800000000)
  region size 1024K, 52 young (53248K), 2 survivors (2048K)
 Metaspace       used 45987K, capacity 46539K, committed 46800K, reserved 1091584K
  class space    used 5498K, capacity 5711K, committed 5760K, reserved 1048576K
Heap Regions: E=young(eden), S=young(survivor), O=old, HS=humongous(starts), HC=humongous(continues), CS=collection set, F=free, A=archive, TAMS=top-at-mark-start (previous, next)
|   0|0x0000000740800000, 0x0000000740900000, 0x0000000740900000|100%|HS|  |TAMS 0x0000000740900000, 0x0000000740800000| Complete 
|   1|0x0000000740900000, 0x0000000740a00000, 0x0000000740a00000|100%|HC|  |TAMS 0x0000000740a00000, 0x0000000740900000| Complete 
|   2|0x0000000740a00000, 0x0000000740b00000, 0x0000000740b00000|100%|HC|  |TAMS 0x0000000740b00000, 0x0000000740a00000| Complete 
|   3|0x0000000740b00000, 0x0000000740c00000, 0x0000000740c00000|100%| O|  |TAMS 0x0000000740c00000, 0x0000000740b00000| Untracked 
|   4|0x0000000740c00000, 0x0000000740d00000, 0x0000000740d00000|100%| O|  |TAMS 0x0000000740d00000, 0x0000000740c00000| Untracked 
|   5|0x0000000740d00000, 0x0000000740e00000, 0x0000000740e00000|100%|HS|  |TAMS 0x0000000740e00000, 0x0000000740d00000| Complete 
|   6|0x0000000740e00000, 0x0000000740f00000, 0x0000000740f00000|100%|HC|  |TAMS 0x0000000740f00000, 0x0000000740e00000| Complete 
|   7|0x0000000740f00000, 0x0000000741000000, 0x0000000741000000|100%|HC|  |TAMS 0x0000000741000000, 0x0000000740f00000| Complete 
|   8|0x0000000741000000, 0x0000000741100000, 0x0000000741100000|100%|HS|  |TAMS 0x0000000741100000, 0x0000000741000000| Complete 
|   9|0x0000000741100000, 0x0000000741200000, 0x0000000741200000|100%|HC|  |TAMS 0x0000000741200000, 0x0000000741100000| Complete 
|  10|0x0000000741200000, 0x0000000741300000, 0x0000000741300000|100%| O|  |TAMS 0x0000000741300000, 0x0000000741200000| Untracked 
|  11|0x0000000741300000, 0x0000000741400000, 0x0000000741400000|100%| O|  |TAMS 0x0000000741400000, 0x0000000741300000| Untracked 
|  12|0x0000000741400000, 0x0000000741500000, 0x0000000741500000|100%| O|  |TAMS 0x0000000741500000, 0x0000000741400000| Untracked 
|  13|0x0000000741500000, 0x0000000741600000, 0x0000000741600000|100%| O|  |TAMS 0x0000000741600000, 0x0000000741500000| Untracked 
|  14|0x0000000741600000, 0x0000000741700000, 0x0000000741700000|100%| O|  |TAMS 0x0000000741700000, 0x0000000741600000| Untracked 
|  15|0x0000000741700000, 0x0000000741800000, 0x0000000741800000|100%| O|  |TAMS 0x0000000741800000, 0x0000000741700000| Untracked 
|  16|0x0000000741800000, 0x0000000741900000, 0x0000000741900000|100%| O|  |TAMS 0x0000000741900000, 0x0000000741800000| Untracked 
|  17|0x0000000741900000, 0x0000000741a00000, 0x0000000741a00000|100%| O|  |TAMS 0x0000000741a00000, 0x0000000741900000| Untracked 
|  18|0x0000000741a00000, 0x0000000741b00000, 0x0000000741b00000|100%| O|  |TAMS 0x0000000741b00000, 0x0000000741a00000| Untracked 
|  19|0x0000000741b00000, 0x0000000741bc5a00, 0x0000000741c00000| 77%| O|  |TAMS 0x0000000741bc5a00, 0x0000000741b00000| Untracked 
|  20|0x0000000741c00000, 0x0000000741c00000, 0x0000000741d00000|  0%| F|  |TAMS 0x0000000741c00000, 0x0000000741c00000| Untracked 
|  21|0x0000000741d00000, 0x0000000741d00000, 0x0000000741e00000|  0%| F|  |TAMS 0x0000000741d00000, 0x0000000741d00000| Untracked 
|  22|0x0000000741e00000, 0x0000000741e00000, 0x0000000741f00000|  0%| F|  |TAMS 0x0000000741e00000, 0x0000000741e00000| Untracked 
|  23|0x0000000741f00000, 0x0000000741f00000, 0x0000000742000000|  0%| F|  |TAMS 0x0000000741f00000, 0x0000000741f00000| Untracked 
|  24|0x0000000742000000, 0x0000000742000000, 0x0000000742100000|  0%| F|  |TAMS 0x0000000742000000, 0x0000000742000000| Untracked 
|  25|0x0000000742100000, 0x0000000742100000, 0x0000000742200000|  0%| F|  |TAMS 0x0000000742100000, 0x0000000742100000| Untracked 
|  26|0x0000000742200000, 0x0000000742200000, 0x0000000742300000|  0%| F|  |TAMS 0x0000000742200000, 0x0000000742200000| Untracked 
|  27|0x0000000742300000, 0x0000000742300000, 0x0000000742400000|  0%| F|  |TAMS 0x0000000742300000, 0x0000000742300000| Untracked 
|  28|0x0000000742400000, 0x0000000742400000, 0x0000000742500000|  0%| F|  |TAMS 0x0000000742400000, 0x0000000742400000| Untracked 
|  29|0x0000000742500000, 0x0000000742500000, 0x0000000742600000|  0%| F|  |TAMS 0x0000000742500000, 0x0000000742500000| Untracked 
|  30|0x0000000742600000, 0x0000000742600000, 0x0000000742700000|  0%| F|  |TAMS 0x0000000742600000, 0x0000000742600000| Untracked 
|  31|0x0000000742700000, 0x0000000742700000, 0x0000000742800000|  0%| F|  |TAMS 0x0000000742700000, 0x0000000742700000| Untracked 
|  32|0x0000000742800000, 0x0000000742800000, 0x0000000742900000|  0%| F|  |TAMS 0x0000000742800000, 0x0000000742800000| Untracked 
|  33|0x0000000742900000, 0x0000000742900000, 0x0000000742a00000|  0%| F|  |TAMS 0x0000000742900000, 0x0000000742900000| Untracked 
|  34|0x0000000742a00000, 0x0000000742a00000, 0x0000000742b00000|  0%| F|  |TAMS 0x0000000742a00000, 0x0000000742a00000| Untracked 
|  35|0x0000000742b00000, 0x0000000742b00000, 0x0000000742c00000|  0%| F|  |TAMS 0x0000000742b00000, 0x0000000742b00000| Untracked 
|  36|0x0000000742c00000, 0x0000000742c00000, 0x0000000742d00000|  0%| F|  |TAMS 0x0000000742c00000, 0x0000000742c00000| Untracked 
|  37|0x0000000742d00000, 0x0000000742d00000, 0x0000000742e00000|  0%| F|  |TAMS 0x0000000742d00000, 0x0000000742d00000| Untracked 
|  38|0x0000000742e00000, 0x0000000742e00000, 0x0000000742f00000|  0%| F|  |TAMS 0x0000000742e00000, 0x0000000742e00000| Untracked 
|  39|0x0000000742f00000, 0x0000000742f00000, 0x0000000743000000|  0%| F|  |TAMS 0x0000000742f00000, 0x0000000742f00000| Untracked 
|  40|0x0000000743000000, 0x0000000743000000, 0x0000000743100000|  0%| F|  |TAMS 0x0000000743000000, 0x0000000743000000| Untracked 
|  41|0x0000000743100000, 0x0000000743100000, 0x0000000743200000|  0%| F|  |TAMS 0x0000000743100000, 0x0000000743100000| Untracked 
|  42|0x0000000743200000, 0x0000000743200000, 0x0000000743300000|  0%| F|  |TAMS 0x0000000743200000, 0x0000000743200000| Untracked 
|  43|0x0000000743300000, 0x0000000743300000, 0x0000000743400000|  0%| F|  |TAMS 0x0000000743300000, 0x0000000743300000| Untracked 
|  44|0x0000000743400000, 0x0000000743400000, 0x0000000743500000|  0%| F|  |TAMS 0x0000000743400000, 0x0000000743400000| Untracked 
|  45|0x0000000743500000, 0x0000000743500000, 0x0000000743600000|  0%| F|  |TAMS 0x0000000743500000, 0x0000000743500000| Untracked 
|  46|0x0000000743600000, 0x0000000743600000, 0x0000000743700000|  0%| F|  |TAMS 0x0000000743600000, 0x0000000743600000| Untracked 
|  47|0x0000000743700000, 0x0000000743700000, 0x0000000743800000|  0%| F|  |TAMS 0x0000000743700000, 0x0000000743700000| Untracked 
|  48|0x0000000743800000, 0x0000000743800000, 0x0000000743900000|  0%| F|  |TAMS 0x0000000743800000, 0x0000000743800000| Untracked 
|  49|0x0000000743900000, 0x0000000743900000, 0x0000000743a00000|  0%| F|  |TAMS 0x0000000743900000, 0x0000000743900000| Untracked 
|  50|0x0000000743a00000, 0x0000000743a00000, 0x0000000743b00000|  0%| F|  |TAMS 0x0000000743a00000, 0x0000000743a00000| Untracked 
|  51|0x0000000743b00000, 0x0000000743b00000, 0x0000000743c00000|  0%| F|  |TAMS 0x0000000743b00000, 0x0000000743b00000| Untracked 
|  52|0x0000000743c00000, 0x0000000743c00000, 0x0000000743d00000|  0%| F|  |TAMS 0x0000000743c00000, 0x0000000743c00000| Untracked 
|  53|0x0000000743d00000, 0x0000000743d00000, 0x0000000743e00000|  0%| F|  |TAMS 0x0000000743d00000, 0x0000000743d00000| Untracked 
|  54|0x0000000743e00000, 0x0000000743e00000, 0x0000000743f00000|  0%| F|  |TAMS 0x0000000743e00000, 0x0000000743e00000| Untracked 
|  55|0x0000000743f00000, 0x0000000743f00000, 0x0000000744000000|  0%| F|  |TAMS 0x0000000743f00000, 0x0000000743f00000| Untracked 
|  56|0x0000000744000000, 0x0000000744000000, 0x0000000744100000|  0%| F|  |TAMS 0x0000000744000000, 0x0000000744000000| Untracked 
|  57|0x0000000744100000, 0x0000000744100000, 0x0000000744200000|  0%| F|  |TAMS 0x0000000744100000, 0x0000000744100000| Untracked 
|  58|0x0000000744200000, 0x0000000744200000, 0x0000000744300000|  0%| F|  |TAMS 0x0000000744200000, 0x0000000744200000| Untracked 
|  59|0x0000000744300000, 0x0000000744300000, 0x0000000744400000|  0%| F|  |TAMS 0x0000000744300000, 0x0000000744300000| Untracked 
|  60|0x0000000744400000, 0x0000000744400000, 0x0000000744500000|  0%| F|  |TAMS 0x0000000744400000, 0x0000000744400000| Untracked 
|  61|0x0000000744500000, 0x0000000744500000, 0x0000000744600000|  0%| F|  |TAMS 0x0000000744500000, 0x0000000744500000| Untracked 
|  62|0x0000000744600000, 0x0000000744600000, 0x0000000744700000|  0%| F|  |TAMS 0x0000000744600000, 0x0000000744600000| Untracked 
|  63|0x0000000744700000, 0x0000000744700000, 0x0000000744800000|  0%| F|  |TAMS 0x0000000744700000, 0x0000000744700000| Untracked 
|  64|0x0000000744800000, 0x0000000744800000, 0x0000000744900000|  0%| F|  |TAMS 0x0000000744800000, 0x0000000744800000| Untracked 
|  65|0x0000000744900000, 0x0000000744900000, 0x0000000744a00000|  0%| F|  |TAMS 0x0000000744900000, 0x0000000744900000| Untracked 
|  66|0x0000000744a00000, 0x0000000744a00000, 0x0000000744b00000|  0%| F|  |TAMS 0x0000000744a00000, 0x0000000744a00000| Untracked 
|  67|0x0000000744b00000, 0x0000000744b00000, 0x0000000744c00000|  0%| F|  |TAMS 0x0000000744b00000, 0x0000000744b00000| Untracked 
|  68|0x0000000744c00000, 0x0000000744c00000, 0x0000000744d00000|  0%| F|  |TAMS 0x0000000744c00000, 0x0000000744c00000| Untracked 
|  69|0x0000000744d00000, 0x0000000744d00000, 0x0000000744e00000|  0%| F|  |TAMS 0x0000000744d00000, 0x0000000744d00000| Untracked 
|  70|0x0000000744e00000, 0x0000000744e00000, 0x0000000744f00000|  0%| F|  |TAMS 0x0000000744e00000, 0x0000000744e00000| Untracked 
|  71|0x0000000744f00000, 0x0000000744f00000, 0x0000000745000000|  0%| F|  |TAMS 0x0000000744f00000, 0x0000000744f00000| Untracked 
|  72|0x0000000745000000, 0x0000000745000000, 0x0000000745100000|  0%| F|  |TAMS 0x0000000745000000, 0x0000000745000000| Untracked 
|  73|0x0000000745100000, 0x0000000745100000, 0x0000000745200000|  0%| F|  |TAMS 0x0000000745100000, 0x0000000745100000| Untracked 
|  74|0x0000000745200000, 0x0000000745200000, 0x0000000745300000|  0%| F|  |TAMS 0x0000000745200000, 0x0000000745200000| Untracked 
|  75|0x0000000745300000, 0x0000000745300000, 0x0000000745400000|  0%| F|  |TAMS 0x0000000745300000, 0x0000000745300000| Untracked 
|  76|0x0000000745400000, 0x0000000745400000, 0x0000000745500000|  0%| F|  |TAMS 0x0000000745400000, 0x0000000745400000| Untracked 
|  77|0x0000000745500000, 0x0000000745500000, 0x0000000745600000|  0%| F|  |TAMS 0x0000000745500000, 0x0000000745500000| Untracked 
|  78|0x0000000745600000, 0x0000000745600000, 0x0000000745700000|  0%| F|  |TAMS 0x0000000745600000, 0x0000000745600000| Untracked 
|  79|0x0000000745700000, 0x0000000745700000, 0x0000000745800000|  0%| F|  |TAMS 0x0000000745700000, 0x0000000745700000| Untracked 
|  80|0x0000000745800000, 0x0000000745800000, 0x0000000745900000|  0%| F|  |TAMS 0x0000000745800000, 0x0000000745800000| Untracked 
|  81|0x0000000745900000, 0x0000000745900000, 0x0000000745a00000|  0%| F|  |TAMS 0x0000000745900000, 0x0000000745900000| Untracked 
|  82|0x0000000745a00000, 0x0000000745a00000, 0x0000000745b00000|  0%| F|  |TAMS 0x0000000745a00000, 0x0000000745a00000| Untracked 
|  83|0x0000000745b00000, 0x0000000745b00000, 0x0000000745c00000|  0%| F|  |TAMS 0x0000000745b00000, 0x0000000745b00000| Untracked 
|  84|0x0000000745c00000, 0x0000000745c00000, 0x0000000745d00000|  0%| F|  |TAMS 0x0000000745c00000, 0x0000000745c00000| Untracked 
|  85|0x0000000745d00000, 0x0000000745d00000, 0x0000000745e00000|  0%| F|  |TAMS 0x0000000745d00000, 0x0000000745d00000| Untracked 
|  86|0x0000000745e00000, 0x0000000745e00000, 0x0000000745f00000|  0%| F|  |TAMS 0x0000000745e00000, 0x0000000745e00000| Untracked 
|  87|0x0000000745f00000, 0x0000000745f00000, 0x0000000746000000|  0%| F|  |TAMS 0x0000000745f00000, 0x0000000745f00000| Untracked 
|  88|0x0000000746000000, 0x0000000746000000, 0x0000000746100000|  0%| F|  |TAMS 0x0000000746000000, 0x0000000746000000| Untracked 
|  89|0x0000000746100000, 0x0000000746100000, 0x0000000746200000|  0%| F|  |TAMS 0x0000000746100000, 0x0000000746100000| Untracked 
|  90|0x0000000746200000, 0x0000000746200000, 0x0000000746300000|  0%| F|  |TAMS 0x0000000746200000, 0x0000000746200000| Untracked 
|  91|0x0000000746300000, 0x0000000746300000, 0x0000000746400000|  0%| F|  |TAMS 0x0000000746300000, 0x0000000746300000| Untracked 
|  92|0x0000000746400000, 0x0000000746400000, 0x0000000746500000|  0%| F|  |TAMS 0x0000000746400000, 0x0000000746400000| Untracked 
|  93|0x0000000746500000, 0x0000000746500000, 0x0000000746600000|  0%| F|  |TAMS 0x0000000746500000, 0x0000000746500000| Untracked 
|  94|0x0000000746600000, 0x0000000746600000, 0x0000000746700000|  0%| F|  |TAMS 0x0000000746600000, 0x0000000746600000| Untracked 
|  95|0x0000000746700000, 0x0000000746700000, 0x0000000746800000|  0%| F|  |TAMS 0x0000000746700000, 0x0000000746700000| Untracked 
|  96|0x0000000746800000, 0x0000000746800000, 0x0000000746900000|  0%| F|  |TAMS 0x0000000746800000, 0x0000000746800000| Untracked 
|  97|0x0000000746900000, 0x0000000746900000, 0x0000000746a00000|  0%| F|  |TAMS 0x0000000746900000, 0x0000000746900000| Untracked 
|  98|0x0000000746a00000, 0x0000000746a00000, 0x0000000746b00000|  0%| F|  |TAMS 0x0000000746a00000, 0x0000000746a00000| Untracked 
|  99|0x0000000746b00000, 0x0000000746b00000, 0x0000000746c00000|  0%| F|  |TAMS 0x0000000746b00000, 0x0000000746b00000| Untracked 
| 100|0x0000000746c00000, 0x0000000746c00000, 0x0000000746d00000|  0%| F|  |TAMS 0x0000000746c00000, 0x0000000746c00000| Untracked 
| 101|0x0000000746d00000, 0x0000000746d00000, 0x0000000746e00000|  0%| F|  |TAMS 0x0000000746d00000, 0x0000000746d00000| Untracked 
| 102|0x0000000746e00000, 0x0000000746e00000, 0x0000000746f00000|  0%| F|  |TAMS 0x0000000746e00000, 0x0000000746e00000| Untracked 
| 103|0x0000000746f00000, 0x0000000746f00000, 0x0000000747000000|  0%| F|  |TAMS 0x0000000746f00000, 0x0000000746f00000| Untracked 
| 104|0x0000000747000000, 0x0000000747000000, 0x0000000747100000|  0%| F|  |TAMS 0x0000000747000000, 0x0000000747000000| Untracked 
| 105|0x0000000747100000, 0x0000000747100000, 0x0000000747200000|  0%| F|  |TAMS 0x0000000747100000, 0x0000000747100000| Untracked 
| 106|0x0000000747200000, 0x0000000747200000, 0x0000000747300000|  0%| F|  |TAMS 0x0000000747200000, 0x0000000747200000| Untracked 
| 107|0x0000000747300000, 0x0000000747300000, 0x0000000747400000|  0%| F|  |TAMS 0x0000000747300000, 0x0000000747300000| Untracked 
| 108|0x0000000747400000, 0x0000000747400000, 0x0000000747500000|  0%| F|  |TAMS 0x0000000747400000, 0x0000000747400000| Untracked 
| 109|0x0000000747500000, 0x0000000747500000, 0x0000000747600000|  0%| F|  |TAMS 0x0000000747500000, 0x0000000747500000| Untracked 
| 110|0x0000000747600000, 0x0000000747600000, 0x0000000747700000|  0%| F|  |TAMS 0x0000000747600000, 0x0000000747600000| Untracked 
| 111|0x0000000747700000, 0x0000000747700000, 0x0000000747800000|  0%| F|  |TAMS 0x0000000747700000, 0x0000000747700000| Untracked 
| 112|0x0000000747800000, 0x0000000747800000, 0x0000000747900000|  0%| F|  |TAMS 0x0000000747800000, 0x0000000747800000| Untracked 
| 113|0x0000000747900000, 0x0000000747900000, 0x0000000747a00000|  0%| F|  |TAMS 0x0000000747900000, 0x0000000747900000| Untracked 
| 114|0x0000000747a00000, 0x0000000747a00000, 0x0000000747b00000|  0%| F|  |TAMS 0x0000000747a00000, 0x0000000747a00000| Untracked 
| 115|0x0000000747b00000, 0x0000000747b00000, 0x0000000747c00000|  0%| F|  |TAMS 0x0000000747b00000, 0x0000000747b00000| Untracked 
| 116|0x0000000747c00000, 0x0000000747c00000, 0x0000000747d00000|  0%| F|  |TAMS 0x0000000747c00000, 0x0000000747c00000| Untracked 
| 117|0x0000000747d00000, 0x0000000747d00000, 0x0000000747e00000|  0%| F|  |TAMS 0x0000000747d00000, 0x0000000747d00000| Untracked 
| 118|0x0000000747e00000, 0x0000000747e00000, 0x0000000747f00000|  0%| F|  |TAMS 0x0000000747e00000, 0x0000000747e00000| Untracked 
| 119|0x0000000747f00000, 0x0000000747f00000, 0x0000000748000000|  0%| F|  |TAMS 0x0000000747f00000, 0x0000000747f00000| Untracked 
| 120|0x0000000748000000, 0x0000000748000000, 0x0000000748100000|  0%| F|  |TAMS 0x0000000748000000, 0x0000000748000000| Untracked 
| 121|0x0000000748100000, 0x0000000748100000, 0x0000000748200000|  0%| F|  |TAMS 0x0000000748100000, 0x0000000748100000| Untracked 
| 122|0x0000000748200000, 0x0000000748200000, 0x0000000748300000|  0%| F|  |TAMS 0x0000000748200000, 0x0000000748200000| Untracked 
| 123|0x0000000748300000, 0x0000000748300000, 0x0000000748400000|  0%| F|  |TAMS 0x0000000748300000, 0x0000000748300000| Untracked 
| 124|0x0000000748400000, 0x0000000748400000, 0x0000000748500000|  0%| F|  |TAMS 0x0000000748400000, 0x0000000748400000| Untracked 
| 125|0x0000000748500000, 0x0000000748500000, 0x0000000748600000|  0%| F|  |TAMS 0x0000000748500000, 0x0000000748500000| Untracked 
| 126|0x0000000748600000, 0x0000000748600000, 0x0000000748700000|  0%| F|  |TAMS 0x0000000748600000, 0x0000000748600000| Untracked 
| 127|0x0000000748700000, 0x0000000748700000, 0x0000000748800000|  0%| F|  |TAMS 0x0000000748700000, 0x0000000748700000| Untracked 
| 128|0x0000000748800000, 0x0000000748800000, 0x0000000748900000|  0%| F|  |TAMS 0x0000000748800000, 0x0000000748800000| Untracked 
| 129|0x0000000748900000, 0x0000000748900000, 0x0000000748a00000|  0%| F|  |TAMS 0x0000000748900000, 0x0000000748900000| Untracked 
| 130|0x0000000748a00000, 0x0000000748a00000, 0x0000000748b00000|  0%| F|  |TAMS 0x0000000748a00000, 0x0000000748a00000| Untracked 
| 131|0x0000000748b00000, 0x0000000748b00000, 0x0000000748c00000|  0%| F|  |TAMS 0x0000000748b00000, 0x0000000748b00000| Untracked 
| 132|0x0000000748c00000, 0x0000000748c00000, 0x0000000748d00000|  0%| F|  |TAMS 0x0000000748c00000, 0x0000000748c00000| Untracked 
| 133|0x0000000748d00000, 0x0000000748d00000, 0x0000000748e00000|  0%| F|  |TAMS 0x0000000748d00000, 0x0000000748d00000| Untracked 
| 134|0x0000000748e00000, 0x0000000748e00000, 0x0000000748f00000|  0%| F|  |TAMS 0x0000000748e00000, 0x0000000748e00000| Untracked 
| 135|0x0000000748f00000, 0x0000000748f00000, 0x0000000749000000|  0%| F|  |TAMS 0x0000000748f00000, 0x0000000748f00000| Untracked 
| 136|0x0000000749000000, 0x0000000749000000, 0x0000000749100000|  0%| F|  |TAMS 0x0000000749000000, 0x0000000749000000| Untracked 
| 137|0x0000000749100000, 0x0000000749100000, 0x0000000749200000|  0%| F|  |TAMS 0x0000000749100000, 0x0000000749100000| Untracked 
| 138|0x0000000749200000, 0x0000000749200000, 0x0000000749300000|  0%| F|  |TAMS 0x0000000749200000, 0x0000000749200000| Untracked 
| 139|0x0000000749300000, 0x0000000749300000, 0x0000000749400000|  0%| F|  |TAMS 0x0000000749300000, 0x0000000749300000| Untracked 
| 140|0x0000000749400000, 0x0000000749480b40, 0x0000000749500000| 50%| E|  |TAMS 0x0000000749400000, 0x0000000749400000| Complete 
| 141|0x0000000749500000, 0x0000000749600000, 0x0000000749600000|100%| E|CS|TAMS 0x0000000749500000, 0x0000000749500000| Complete 
| 142|0x0000000749600000, 0x0000000749700000, 0x0000000749700000|100%| E|CS|TAMS 0x0000000749600000, 0x0000000749600000| Complete 
| 143|0x0000000749700000, 0x0000000749800000, 0x0000000749800000|100%| E|CS|TAMS 0x0000000749700000, 0x0000000749700000| Complete 
| 144|0x0000000749800000, 0x0000000749900000, 0x0000000749900000|100%| E|CS|TAMS 0x0000000749800000, 0x0000000749800000| Complete 
| 145|0x0000000749900000, 0x0000000749a00000, 0x0000000749a00000|100%| E|CS|TAMS 0x0000000749900000, 0x0000000749900000| Complete 
| 146|0x0000000749a00000, 0x0000000749b00000, 0x0000000749b00000|100%| E|CS|TAMS 0x0000000749a00000, 0x0000000749a00000| Complete 
| 147|0x0000000749b00000, 0x0000000749c00000, 0x0000000749c00000|100%| E|CS|TAMS 0x0000000749b00000, 0x0000000749b00000| Complete 
| 148|0x0000000749c00000, 0x0000000749d00000, 0x0000000749d00000|100%| E|CS|TAMS 0x0000000749c00000, 0x0000000749c00000| Complete 
| 149|0x0000000749d00000, 0x0000000749e00000, 0x0000000749e00000|100%| E|CS|TAMS 0x0000000749d00000, 0x0000000749d00000| Complete 
| 150|0x0000000749e00000, 0x0000000749f00000, 0x0000000749f00000|100%| E|CS|TAMS 0x0000000749e00000, 0x0000000749e00000| Complete 
| 151|0x0000000749f00000, 0x000000074a000000, 0x000000074a000000|100%| E|CS|TAMS 0x0000000749f00000, 0x0000000749f00000| Complete 
| 152|0x000000074a000000, 0x000000074a100000, 0x000000074a100000|100%| E|CS|TAMS 0x000000074a000000, 0x000000074a000000| Complete 
| 153|0x000000074a100000, 0x000000074a200000, 0x000000074a200000|100%| E|CS|TAMS 0x000000074a100000, 0x000000074a100000| Complete 
| 154|0x000000074a200000, 0x000000074a300000, 0x000000074a300000|100%| E|CS|TAMS 0x000000074a200000, 0x000000074a200000| Complete 
| 155|0x000000074a300000, 0x000000074a400000, 0x000000074a400000|100%| E|CS|TAMS 0x000000074a300000, 0x000000074a300000| Complete 
| 156|0x000000074a400000, 0x000000074a500000, 0x000000074a500000|100%| E|CS|TAMS 0x000000074a400000, 0x000000074a400000| Complete 
| 157|0x000000074a500000, 0x000000074a600000, 0x000000074a600000|100%| E|CS|TAMS 0x000000074a500000, 0x000000074a500000| Complete 
| 158|0x000000074a600000, 0x000000074a700000, 0x000000074a700000|100%| E|CS|TAMS 0x000000074a600000, 0x000000074a600000| Complete 
| 159|0x000000074a700000, 0x000000074a800000, 0x000000074a800000|100%| E|CS|TAMS 0x000000074a700000, 0x000000074a700000| Complete 
| 160|0x000000074a800000, 0x000000074a900000, 0x000000074a900000|100%| E|CS|TAMS 0x000000074a800000, 0x000000074a800000| Complete 
| 161|0x000000074a900000, 0x000000074aa00000, 0x000000074aa00000|100%| E|CS|TAMS 0x000000074a900000, 0x000000074a900000| Complete 
| 162|0x000000074aa00000, 0x000000074ab00000, 0x000000074ab00000|100%| E|CS|TAMS 0x000000074aa00000, 0x000000074aa00000| Complete 
| 163|0x000000074ab00000, 0x000000074ac00000, 0x000000074ac00000|100%| E|CS|TAMS 0x000000074ab00000, 0x000000074ab00000| Complete 
| 164|0x000000074ac00000, 0x000000074ad00000, 0x000000074ad00000|100%| E|CS|TAMS 0x000000074ac00000, 0x000000074ac00000| Complete 
| 165|0x000000074ad00000, 0x000000074ae00000, 0x000000074ae00000|100%| E|CS|TAMS 0x000000074ad00000, 0x000000074ad00000| Complete 
| 166|0x000000074ae00000, 0x000000074af00000, 0x000000074af00000|100%| E|CS|TAMS 0x000000074ae00000, 0x000000074ae00000| Complete 
| 167|0x000000074af00000, 0x000000074b000000, 0x000000074b000000|100%| E|CS|TAMS 0x000000074af00000, 0x000000074af00000| Complete 
| 168|0x000000074b000000, 0x000000074b100000, 0x000000074b100000|100%| E|CS|TAMS 0x000000074b000000, 0x000000074b000000| Complete 
| 169|0x000000074b100000, 0x000000074b200000, 0x000000074b200000|100%| E|CS|TAMS 0x000000074b100000, 0x000000074b100000| Complete 
| 170|0x000000074b200000, 0x000000074b300000, 0x000000074b300000|100%| E|CS|TAMS 0x000000074b200000, 0x000000074b200000| Complete 
| 171|0x000000074b300000, 0x000000074b400000, 0x000000074b400000|100%| E|CS|TAMS 0x000000074b300000, 0x000000074b300000| Complete 
| 172|0x000000074b400000, 0x000000074b500000, 0x000000074b500000|100%| E|CS|TAMS 0x000000074b400000, 0x000000074b400000| Complete 
| 173|0x000000074b500000, 0x000000074b600000, 0x000000074b600000|100%| E|CS|TAMS 0x000000074b500000, 0x000000074b500000| Complete 
| 174|0x000000074b600000, 0x000000074b700000, 0x000000074b700000|100%| E|CS|TAMS 0x000000074b600000, 0x000000074b600000| Complete 
| 175|0x000000074b700000, 0x000000074b800000, 0x000000074b800000|100%| E|CS|TAMS 0x000000074b700000, 0x000000074b700000| Complete 
| 176|0x000000074b800000, 0x000000074b8bba70, 0x000000074b900000| 73%| S|CS|TAMS 0x000000074b800000, 0x000000074b800000| Complete 
| 177|0x000000074b900000, 0x000000074ba00000, 0x000000074ba00000|100%| S|CS|TAMS 0x000000074b900000, 0x000000074b900000| Complete 
| 178|0x000000074ba00000, 0x000000074bb00000, 0x000000074bb00000|100%| E|CS|TAMS 0x000000074ba00000, 0x000000074ba00000| Complete 
| 179|0x000000074bb00000, 0x000000074bc00000, 0x000000074bc00000|100%| E|CS|TAMS 0x000000074bb00000, 0x000000074bb00000| Complete 
| 180|0x000000074bc00000, 0x000000074bd00000, 0x000000074bd00000|100%| E|CS|TAMS 0x000000074bc00000, 0x000000074bc00000| Complete 
| 181|0x000000074bd00000, 0x000000074be00000, 0x000000074be00000|100%| E|CS|TAMS 0x000000074bd00000, 0x000000074bd00000| Complete 
| 182|0x000000074be00000, 0x000000074bf00000, 0x000000074bf00000|100%| E|CS|TAMS 0x000000074be00000, 0x000000074be00000| Complete 
| 183|0x000000074bf00000, 0x000000074c000000, 0x000000074c000000|100%| E|CS|TAMS 0x000000074bf00000, 0x000000074bf00000| Complete 
| 184|0x000000074c000000, 0x000000074c100000, 0x000000074c100000|100%| E|CS|TAMS 0x000000074c000000, 0x000000074c000000| Complete 
| 185|0x000000074c100000, 0x000000074c200000, 0x000000074c200000|100%| E|CS|TAMS 0x000000074c100000, 0x000000074c100000| Complete 
| 186|0x000000074c200000, 0x000000074c300000, 0x000000074c300000|100%| E|CS|TAMS 0x000000074c200000, 0x000000074c200000| Complete 
| 187|0x000000074c300000, 0x000000074c400000, 0x000000074c400000|100%| E|CS|TAMS 0x000000074c300000, 0x000000074c300000| Complete 
| 188|0x000000074c400000, 0x000000074c500000, 0x000000074c500000|100%| E|CS|TAMS 0x000000074c400000, 0x000000074c400000| Complete 
| 189|0x000000074c500000, 0x000000074c600000, 0x000000074c600000|100%| E|CS|TAMS 0x000000074c500000, 0x000000074c500000| Complete 
| 190|0x000000074c600000, 0x000000074c700000, 0x000000074c700000|100%| E|CS|TAMS 0x000000074c600000, 0x000000074c600000| Complete 
| 191|0x000000074c700000, 0x000000074c800000, 0x000000074c800000|100%| E|CS|TAMS 0x000000074c700000, 0x000000074c700000| Complete 

Card table byte_map: [0x000001bfac4f0000,0x000001bfacaf0000] _byte_map_base: 0x000001bfa8aec000

Marking Bits (Prev, Next): (CMBitMap*) 0x000001bf98e0e7f8, (CMBitMap*) 0x000001bf98e0e830
 Prev Bits: [0x000001bfad0f0000, 0x000001bfb00d0000)
 Next Bits: [0x000001bfb00d0000, 0x000001bfb30b0000)

Polling page: 0x000001bf97460000

Metaspace:

Usage:
  Non-class:     39.87 MB capacity,    39.56 MB (>99%) used,   251.83 KB ( <1%) free+waste,    67.63 KB ( <1%) overhead. 
      Class:      5.58 MB capacity,     5.37 MB ( 96%) used,   178.14 KB (  3%) free+waste,    30.00 KB ( <1%) overhead. 
       Both:     45.45 MB capacity,    44.93 MB ( 99%) used,   429.97 KB ( <1%) free+waste,    97.63 KB ( <1%) overhead. 

Virtual space:
  Non-class space:       42.00 MB reserved,      40.08 MB ( 95%) committed 
      Class space:        1.00 GB reserved,       5.63 MB ( <1%) committed 
             Both:        1.04 GB reserved,      45.70 MB (  4%) committed 

Chunk freelists:
   Non-Class:  20.00 KB
       Class:  17.00 KB
        Both:  37.00 KB

MaxMetaspaceSize: 17179869184.00 GB
CompressedClassSpaceSize: 1.00 GB
Initial GC threshold: 20.80 MB
Current GC threshold: 59.30 MB
CDS: off

CodeHeap 'non-profiled nmethods': size=120064Kb used=1278Kb max_used=1278Kb free=118785Kb
 bounds [0x000001bfa4390000, 0x000001bfa4600000, 0x000001bfab8d0000]
CodeHeap 'profiled nmethods': size=120000Kb used=6424Kb max_used=6424Kb free=113575Kb
 bounds [0x000001bf9ce60000, 0x000001bf9d4b0000, 0x000001bfa4390000]
CodeHeap 'non-nmethods': size=5696Kb used=1272Kb max_used=1294Kb free=4423Kb
 bounds [0x000001bf9c8d0000, 0x000001bf9cb40000, 0x000001bf9ce60000]
 total_blobs=3672 nmethods=3123 adapters=461
 compilation: enabled
              stopped_count=0, restarted_count=0
 full_count=0

Compilation events (20 events):
Event: 3.971 Thread 0x000001bfb5ff6800 3108       1       org.jetbrains.kotlin.storage.DefaultSimpleLock::getLock (5 bytes)
Event: 3.971 Thread 0x000001bfb5ff6800 nmethod 3108 0x000001bfa44cce90 code [0x000001bfa44cd040, 0x000001bfa44cd0f8]
Event: 3.986 Thread 0x000001bfb5ff2800 nmethod 3107 0x000001bfa44cd190 code [0x000001bfa44cd400, 0x000001bfa44cdff0]
Event: 3.986 Thread 0x000001bfb5ff2800 3109       4       jdk.internal.loader.BuiltinClassLoader::defineClass (121 bytes)
Event: 3.987 Thread 0x000001bfb5ff6800 3110       3       org.jetbrains.kotlin.storage.StorageKt::getValue (19 bytes)
Event: 3.988 Thread 0x000001bfb5ff6800 nmethod 3110 0x000001bf9d492590 code [0x000001bf9d492840, 0x000001bf9d493328]
Event: 3.988 Thread 0x000001bfb5ff6800 3111       1       org.jetbrains.kotlin.serialization.deserialization.DeserializationComponents::getLookupTracker (5 bytes)
Event: 3.988 Thread 0x000001bfb5ff6800 nmethod 3111 0x000001bfa44ce910 code [0x000001bfa44ceac0, 0x000001bfa44ceb78]
Event: 3.988 Thread 0x000001bfb5ff6800 3112       3       org.jetbrains.kotlin.types.ErrorUtils::isErrorClass (5 bytes)
Event: 3.989 Thread 0x000001bfb5ff6800 nmethod 3112 0x000001bf9d493710 code [0x000001bf9d4938c0, 0x000001bf9d493a98]
Event: 3.989 Thread 0x000001bfb5ff6800 3113       3       org.jetbrains.kotlin.utils.WrappedValues::unescapeThrowable (44 bytes)
Event: 3.989 Thread 0x000001bfb5ff6800 nmethod 3113 0x000001bf9d493b10 code [0x000001bf9d493d20, 0x000001bf9d4942b8]
Event: 3.989 Thread 0x000001bfb5ff6800 3115       3       org.jetbrains.kotlin.serialization.deserialization.descriptors.DeserializedMemberScope::getClassNames$deserialization (17 bytes)
Event: 3.990 Thread 0x000001bfb5ff6800 nmethod 3115 0x000001bf9d494490 code [0x000001bf9d494760, 0x000001bf9d495448]
Event: 3.990 Thread 0x000001bfb5ff6800 3114       1       org.jetbrains.kotlin.name.Name::isSpecial (5 bytes)
Event: 3.990 Thread 0x000001bfb5ff6800 nmethod 3114 0x000001bfa44cec10 code [0x000001bfa44cedc0, 0x000001bfa44cee78]
Event: 3.992 Thread 0x000001bfb5ff6800 3117       3       java.lang.reflect.Constructor::acquireConstructorAccessor (44 bytes)
Event: 3.992 Thread 0x000001bfb5ff6800 nmethod 3117 0x000001bf9d495890 code [0x000001bf9d495a80, 0x000001bf9d495f78]
Event: 3.994 Thread 0x000001bfb5ff6800 3118       3       java.lang.invoke.BoundMethodHandle::<init> (32 bytes)
Event: 3.995 Thread 0x000001bfb5ff6800 nmethod 3118 0x000001bf9d496110 code [0x000001bf9d4962c0, 0x000001bf9d496408]

GC Heap History (8 events):
Event: 0.496 GC heap before
{Heap before GC invocations=0 (full 0):
 garbage-first heap   total 196608K, used 17408K [0x0000000740800000, 0x0000000800000000)
  region size 1024K, 14 young (14336K), 0 survivors (0K)
 Metaspace       used 9843K, capacity 10002K, committed 10112K, reserved 1058816K
  class space    used 841K, capacity 885K, committed 896K, reserved 1048576K
}
Event: 0.499 GC heap after
{Heap after GC invocations=1 (full 0):
 garbage-first heap   total 196608K, used 5229K [0x0000000740800000, 0x0000000800000000)
  region size 1024K, 2 young (2048K), 2 survivors (2048K)
 Metaspace       used 9843K, capacity 10002K, committed 10112K, reserved 1058816K
  class space    used 841K, capacity 885K, committed 896K, reserved 1048576K
}
Event: 1.446 GC heap before
{Heap before GC invocations=1 (full 0):
 garbage-first heap   total 196608K, used 50285K [0x0000000740800000, 0x0000000800000000)
  region size 1024K, 47 young (48128K), 2 survivors (2048K)
 Metaspace       used 20875K, capacity 21086K, committed 21296K, reserved 1069056K
  class space    used 2219K, capacity 2312K, committed 2432K, reserved 1048576K
}
Event: 1.459 GC heap after
{Heap after GC invocations=2 (full 0):
 garbage-first heap   total 196608K, used 9249K [0x0000000740800000, 0x0000000800000000)
  region size 1024K, 6 young (6144K), 6 survivors (6144K)
 Metaspace       used 20875K, capacity 21086K, committed 21296K, reserved 1069056K
  class space    used 2219K, capacity 2312K, committed 2432K, reserved 1048576K
}
Event: 2.583 GC heap before
{Heap before GC invocations=3 (full 0):
 garbage-first heap   total 196608K, used 62497K [0x0000000740800000, 0x0000000800000000)
  region size 1024K, 53 young (54272K), 6 survivors (6144K)
 Metaspace       used 32403K, capacity 32792K, committed 32944K, reserved 1077248K
  class space    used 4066K, capacity 4246K, committed 4352K, reserved 1048576K
}
Event: 2.600 GC heap after
{Heap after GC invocations=4 (full 0):
 garbage-first heap   total 196608K, used 20225K [0x0000000740800000, 0x0000000800000000)
  region size 1024K, 6 young (6144K), 6 survivors (6144K)
 Metaspace       used 32403K, capacity 32792K, committed 32944K, reserved 1077248K
  class space    used 4066K, capacity 4246K, committed 4352K, reserved 1048576K
}
Event: 2.861 GC heap before
{Heap before GC invocations=4 (full 0):
 garbage-first heap   total 196608K, used 33537K [0x0000000740800000, 0x0000000800000000)
  region size 1024K, 20 young (20480K), 6 survivors (6144K)
 Metaspace       used 35394K, capacity 35811K, committed 35920K, reserved 1081344K
  class space    used 4403K, capacity 4570K, committed 4608K, reserved 1048576K
}
Event: 2.875 GC heap after
{Heap after GC invocations=5 (full 0):
 garbage-first heap   total 196608K, used 22021K [0x0000000740800000, 0x0000000800000000)
  region size 1024K, 2 young (2048K), 2 survivors (2048K)
 Metaspace       used 35394K, capacity 35811K, committed 35920K, reserved 1081344K
  class space    used 4403K, capacity 4570K, committed 4608K, reserved 1048576K
}

Deoptimization events (20 events):
Event: 3.851 Thread 0x000001bf98dbc000 Uncommon trap: trap_request=0xffffffc6 fr.pc=0x000001bfa447e3f0 relative=0x0000000000000570
Event: 3.851 Thread 0x000001bf98dbc000 Uncommon trap: reason=bimorphic_or_optimized_type_check action=maybe_recompile pc=0x000001bfa447e3f0 method=org.jetbrains.kotlin.protobuf.CodedInputStream.tryRefillBuffer(I)Z @ 177 c2
Event: 3.851 Thread 0x000001bf98dbc000 DEOPT PACKING pc=0x000001bfa447e3f0 sp=0x0000003ff7cfb500
Event: 3.851 Thread 0x000001bf98dbc000 DEOPT UNPACKING pc=0x000001bf9c91a1af sp=0x0000003ff7cfb3e8 mode 2
Event: 3.922 Thread 0x000001bf98dbc000 Uncommon trap: trap_request=0xffffffc6 fr.pc=0x000001bfa447c35c relative=0x000000000000009c
Event: 3.922 Thread 0x000001bf98dbc000 Uncommon trap: reason=bimorphic_or_optimized_type_check action=maybe_recompile pc=0x000001bfa447c35c method=java.util.AbstractList$Itr.hasNext()Z @ 8 c2
Event: 3.922 Thread 0x000001bf98dbc000 DEOPT PACKING pc=0x000001bfa447c35c sp=0x0000003ff7cfc950
Event: 3.922 Thread 0x000001bf98dbc000 DEOPT UNPACKING pc=0x000001bf9c91a1af sp=0x0000003ff7cfc8e8 mode 2
Event: 3.968 Thread 0x000001bf98dbc000 Uncommon trap: trap_request=0xffffffc6 fr.pc=0x000001bfa447c35c relative=0x000000000000009c
Event: 3.968 Thread 0x000001bf98dbc000 Uncommon trap: reason=bimorphic_or_optimized_type_check action=maybe_recompile pc=0x000001bfa447c35c method=java.util.AbstractList$Itr.hasNext()Z @ 8 c2
Event: 3.968 Thread 0x000001bf98dbc000 DEOPT PACKING pc=0x000001bfa447c35c sp=0x0000003ff7cfc600
Event: 3.968 Thread 0x000001bf98dbc000 DEOPT UNPACKING pc=0x000001bf9c91a1af sp=0x0000003ff7cfc598 mode 2
Event: 3.968 Thread 0x000001bf98dbc000 Uncommon trap: trap_request=0xffffffc6 fr.pc=0x000001bfa447c35c relative=0x000000000000009c
Event: 3.968 Thread 0x000001bf98dbc000 Uncommon trap: reason=bimorphic_or_optimized_type_check action=maybe_recompile pc=0x000001bfa447c35c method=java.util.AbstractList$Itr.hasNext()Z @ 8 c2
Event: 3.968 Thread 0x000001bf98dbc000 DEOPT PACKING pc=0x000001bfa447c35c sp=0x0000003ff7cfc600
Event: 3.968 Thread 0x000001bf98dbc000 DEOPT UNPACKING pc=0x000001bf9c91a1af sp=0x0000003ff7cfc598 mode 2
Event: 3.986 Thread 0x000001bf98dbc000 Uncommon trap: trap_request=0xffffffc6 fr.pc=0x000001bfa447c35c relative=0x000000000000009c
Event: 3.986 Thread 0x000001bf98dbc000 Uncommon trap: reason=bimorphic_or_optimized_type_check action=maybe_recompile pc=0x000001bfa447c35c method=java.util.AbstractList$Itr.hasNext()Z @ 8 c2
Event: 3.986 Thread 0x000001bf98dbc000 DEOPT PACKING pc=0x000001bfa447c35c sp=0x0000003ff7cfc600
Event: 3.986 Thread 0x000001bf98dbc000 DEOPT UNPACKING pc=0x000001bf9c91a1af sp=0x0000003ff7cfc598 mode 2

Classes redefined (0 events):
No events

Internal exceptions (20 events):
Event: 1.781 Thread 0x000001bf98dbc000 Exception <a 'java/lang/NoSuchMethodError'{0x000000074ba9b278}: 'java.lang.Object java.lang.invoke.DirectMethodHandle$Holder.invokeStatic(java.lang.Object, java.lang.Object, java.lang.Object, java.lang.Object, java.lang.Object, java.lang.Object, java.lang.Object, java.lang.Object, java.lang.Object, java.lang.Object, java.lang.Object, java.lang.Object, java.lang.Object, java.lang.Object, java.lang.Object)'> (0x000000074ba9b278) thrown at [./src/hotspot/share/interpreter/linkResolver.cpp, line 773]
Event: 1.782 Thread 0x000001bf98dbc000 Exception <a 'java/lang/NoSuchMethodError'{0x000000074baa9280}: 'java.lang.Object java.lang.invoke.DirectMethodHandle$Holder.invokeStatic(java.lang.Object, java.lang.Object, java.lang.Object, java.lang.Object, java.lang.Object, java.lang.Object, java.lang.Object, java.lang.Object, java.lang.Object, java.lang.Object, java.lang.Object, java.lang.Object, java.lang.Object, java.lang.Object, java.lang.Object, java.lang.Object)'> (0x000000074baa9280) thrown at [./src/hotspot/share/interpreter/linkResolver.cpp, l
Event: 1.785 Thread 0x000001bf98dbc000 Exception <a 'java/lang/NoSuchMethodError'{0x000000074bab7198}: 'java.lang.Object java.lang.invoke.DirectMethodHandle$Holder.invokeSpecial(java.lang.Object, java.lang.Object, int, int, java.lang.Object, java.lang.Object, java.lang.Object)'> (0x000000074bab7198) thrown at [./src/hotspot/share/interpreter/linkResolver.cpp, line 773]
Event: 1.785 Thread 0x000001bf98dbc000 Exception <a 'java/lang/NoSuchMethodError'{0x000000074baba9d0}: 'java.lang.Object java.lang.invoke.DelegatingMethodHandle$Holder.reinvoke_L(java.lang.Object, int, int, java.lang.Object, java.lang.Object, java.lang.Object)'> (0x000000074baba9d0) thrown at [./src/hotspot/share/interpreter/linkResolver.cpp, line 773]
Event: 1.786 Thread 0x000001bf98dbc000 Exception <a 'java/lang/NoSuchMethodError'{0x000000074babed58}: 'java.lang.Object java.lang.invoke.DirectMethodHandle$Holder.invokeStatic(java.lang.Object, java.lang.Object, java.lang.Object, java.lang.Object, int)'> (0x000000074babed58) thrown at [./src/hotspot/share/interpreter/linkResolver.cpp, line 773]
Event: 1.834 Thread 0x000001bf98dbc000 Exception <a 'sun/nio/fs/WindowsException'{0x000000074b800490}> (0x000000074b800490) thrown at [./src/hotspot/share/prims/jni.cpp, line 615]
Event: 1.835 Thread 0x000001bf98dbc000 Exception <a 'sun/nio/fs/WindowsException'{0x000000074b800fb8}> (0x000000074b800fb8) thrown at [./src/hotspot/share/prims/jni.cpp, line 615]
Event: 1.835 Thread 0x000001bf98dbc000 Exception <a 'sun/nio/fs/WindowsException'{0x000000074b801870}> (0x000000074b801870) thrown at [./src/hotspot/share/prims/jni.cpp, line 615]
Event: 1.835 Thread 0x000001bf98dbc000 Exception <a 'sun/nio/fs/WindowsException'{0x000000074b8022a8}> (0x000000074b8022a8) thrown at [./src/hotspot/share/prims/jni.cpp, line 615]
Event: 1.835 Thread 0x000001bf98dbc000 Exception <a 'sun/nio/fs/WindowsException'{0x000000074b802bf0}> (0x000000074b802bf0) thrown at [./src/hotspot/share/prims/jni.cpp, line 615]
Event: 1.835 Thread 0x000001bf98dbc000 Exception <a 'sun/nio/fs/WindowsException'{0x000000074b803568}> (0x000000074b803568) thrown at [./src/hotspot/share/prims/jni.cpp, line 615]
Event: 1.837 Thread 0x000001bf98dbc000 Exception <a 'java/lang/NoSuchMethodError'{0x000000074b80a010}: 'void java.lang.invoke.DirectMethodHandle$Holder.invokeStatic(java.lang.Object, java.lang.Object, java.lang.Object, java.lang.Object)'> (0x000000074b80a010) thrown at [./src/hotspot/share/interpreter/linkResolver.cpp, line 773]
Event: 1.911 Thread 0x000001bf98dbc000 Exception <a 'java/lang/NoSuchMethodError'{0x000000074b5f0798}: 'void java.lang.invoke.DirectMethodHandle$Holder.invokeStaticInit(java.lang.Object, java.lang.Object)'> (0x000000074b5f0798) thrown at [./src/hotspot/share/interpreter/linkResolver.cpp, line 773]
Event: 2.008 Thread 0x000001bf98dbc000 Exception <a 'java/lang/NoSuchMethodError'{0x000000074b014920}: 'void java.lang.invoke.DirectMethodHandle$Holder.invokeVirtual(java.lang.Object, java.lang.Object)'> (0x000000074b014920) thrown at [./src/hotspot/share/interpreter/linkResolver.cpp, line 773]
Event: 2.019 Thread 0x000001bf98dbc000 Exception <a 'java/lang/NoSuchMethodError'{0x000000074b092ca8}: 'int java.lang.invoke.DirectMethodHandle$Holder.invokeVirtual(java.lang.Object, java.lang.Object)'> (0x000000074b092ca8) thrown at [./src/hotspot/share/interpreter/linkResolver.cpp, line 773]
Event: 2.793 Thread 0x000001bf98dbc000 Exception <a 'java/lang/NoSuchMethodError'{0x000000074be802e8}: 'java.lang.Object java.lang.invoke.DirectMethodHandle$Holder.invokeVirtual(java.lang.Object, java.lang.Object, java.lang.Object)'> (0x000000074be802e8) thrown at [./src/hotspot/share/interpreter/linkResolver.cpp, line 773]
Event: 3.628 Thread 0x000001bf98dbc000 Exception <a 'java/lang/NoSuchMethodError'{0x000000074a1d3e70}: 'java.lang.Object java.lang.invoke.Invokers$Holder.linkToTargetMethod(java.lang.Object, int, java.lang.Object)'> (0x000000074a1d3e70) thrown at [./src/hotspot/share/interpreter/linkResolver.cpp, line 773]
Event: 3.680 Thread 0x000001bf98dbc000 Exception <a 'java/lang/NoSuchMethodError'{0x0000000749f61a78}: 'java.lang.Object java.lang.invoke.DirectMethodHandle$Holder.invokeStatic(java.lang.Object, java.lang.Object, java.lang.Object, int)'> (0x0000000749f61a78) thrown at [./src/hotspot/share/interpreter/linkResolver.cpp, line 773]
Event: 3.681 Thread 0x000001bf98dbc000 Exception <a 'java/lang/NoSuchMethodError'{0x0000000749f656e8}: 'java.lang.Object java.lang.invoke.DirectMethodHandle$Holder.invokeSpecial(java.lang.Object, java.lang.Object, java.lang.Object, java.lang.Object, int)'> (0x0000000749f656e8) thrown at [./src/hotspot/share/interpreter/linkResolver.cpp, line 773]
Event: 3.681 Thread 0x000001bf98dbc000 Exception <a 'java/lang/NoSuchMethodError'{0x0000000749f689f8}: 'java.lang.Object java.lang.invoke.Invokers$Holder.linkToTargetMethod(java.lang.Object, java.lang.Object, int, java.lang.Object)'> (0x0000000749f689f8) thrown at [./src/hotspot/share/interpreter/linkResolver.cpp, line 773]

Events (20 events):
Event: 4.001 loading class org/jetbrains/kotlin/descriptors/annotations/AnnotationSplitter$splitAnnotations$1
Event: 4.001 loading class org/jetbrains/kotlin/descriptors/annotations/AnnotationSplitter$splitAnnotations$1 done
Event: 4.001 loading class org/jetbrains/kotlin/descriptors/annotations/CompositeAnnotations
Event: 4.001 loading class org/jetbrains/kotlin/descriptors/annotations/CompositeAnnotations done
Event: 4.002 loading class org/jetbrains/kotlin/descriptors/annotations/AnnotationSplitter$LazySplitAnnotations
Event: 4.002 loading class org/jetbrains/kotlin/descriptors/annotations/AnnotationSplitter$LazySplitAnnotations done
Event: 4.003 loading class org/jetbrains/kotlin/descriptors/annotations/AnnotationSplitter$LazySplitAnnotations$annotations$2
Event: 4.003 loading class org/jetbrains/kotlin/descriptors/annotations/AnnotationSplitter$LazySplitAnnotations$annotations$2 done
Event: 4.003 loading class org/jetbrains/kotlin/descriptors/impl/LazyClassReceiverParameterDescriptor
Event: 4.003 loading class org/jetbrains/kotlin/descriptors/impl/LazyClassReceiverParameterDescriptor done
Event: 4.003 loading class org/jetbrains/kotlin/descriptors/impl/AbstractReceiverParameterDescriptor
Event: 4.003 loading class org/jetbrains/kotlin/descriptors/impl/AbstractReceiverParameterDescriptor done
Event: 4.005 loading class org/jetbrains/kotlin/resolve/scopes/receivers/ImplicitClassReceiver
Event: 4.005 loading class org/jetbrains/kotlin/resolve/scopes/receivers/ImplicitClassReceiver done
Event: 4.005 loading class org/jetbrains/kotlin/resolve/scopes/receivers/ImplicitReceiver
Event: 4.005 loading class org/jetbrains/kotlin/resolve/scopes/receivers/ImplicitReceiver done
Event: 4.005 loading class org/jetbrains/kotlin/resolve/scopes/receivers/ThisClassReceiver
Event: 4.005 loading class org/jetbrains/kotlin/resolve/scopes/receivers/ThisClassReceiver done
Event: 4.006 loading class org/jetbrains/kotlin/resolve/DescriptorFactory
Event: 4.006 loading class org/jetbrains/kotlin/resolve/DescriptorFactory done


Dynamic libraries:
0x00007ff758200000 - 0x00007ff75820a000 	C:\Program Files\Android\Android Studio\jre\bin\java.exe
0x00007ffec44b0000 - 0x00007ffec46a8000 	C:\Windows\SYSTEM32\ntdll.dll
0x00007ffec31e0000 - 0x00007ffec329d000 	C:\Windows\System32\KERNEL32.DLL
0x00007ffec1bd0000 - 0x00007ffec1e9e000 	C:\Windows\System32\KERNELBASE.dll
0x00007ffec1ea0000 - 0x00007ffec1fa0000 	C:\Windows\System32\ucrtbase.dll
0x00007ffeb8dd0000 - 0x00007ffeb8de9000 	C:\Program Files\Android\Android Studio\jre\bin\jli.dll
0x00007ffeba510000 - 0x00007ffeba527000 	C:\Program Files\Android\Android Studio\jre\bin\VCRUNTIME140.dll
0x00007ffec2ce0000 - 0x00007ffec2e80000 	C:\Windows\System32\USER32.dll
0x00007ffeaf2f0000 - 0x00007ffeaf58a000 	C:\Windows\WinSxS\amd64_microsoft.windows.common-controls_6595b64144ccf1df_6.0.19041.1110_none_60b5254171f9507e\COMCTL32.dll
0x00007ffec2100000 - 0x00007ffec2122000 	C:\Windows\System32\win32u.dll
0x00007ffec2f70000 - 0x00007ffec300e000 	C:\Windows\System32\msvcrt.dll
0x00007ffec3010000 - 0x00007ffec303a000 	C:\Windows\System32\GDI32.dll
0x00007ffec1fa0000 - 0x00007ffec20ab000 	C:\Windows\System32\gdi32full.dll
0x00007ffec2280000 - 0x00007ffec231d000 	C:\Windows\System32\msvcp_win.dll
0x00007ffec32a0000 - 0x00007ffec32d0000 	C:\Windows\System32\IMM32.DLL
0x00007ffe91e60000 - 0x00007ffe91efd000 	C:\Program Files\Android\Android Studio\jre\bin\msvcp140.dll
0x00007ffe633d0000 - 0x00007ffe63eb5000 	C:\Program Files\Android\Android Studio\jre\bin\server\jvm.dll
0x00007ffec3ae0000 - 0x00007ffec3b8e000 	C:\Windows\System32\ADVAPI32.dll
0x00007ffec3330000 - 0x00007ffec33cc000 	C:\Windows\System32\sechost.dll
0x00007ffec3770000 - 0x00007ffec3895000 	C:\Windows\System32\RPCRT4.dll
0x00007ffec3170000 - 0x00007ffec3178000 	C:\Windows\System32\PSAPI.DLL
0x00007ffea25c0000 - 0x00007ffea25c9000 	C:\Windows\SYSTEM32\WSOCK32.dll
0x00007ffeb6a70000 - 0x00007ffeb6a97000 	C:\Windows\SYSTEM32\WINMM.dll
0x00007ffeb9150000 - 0x00007ffeb915a000 	C:\Windows\SYSTEM32\VERSION.dll
0x00007ffec3b90000 - 0x00007ffec3bfb000 	C:\Windows\System32\WS2_32.dll
0x00007ffebfa10000 - 0x00007ffebfa22000 	C:\Windows\SYSTEM32\kernel.appcore.dll
0x00007ffebabd0000 - 0x00007ffebabe1000 	C:\Program Files\Android\Android Studio\jre\bin\verify.dll
0x00007ffebaf20000 - 0x00007ffebb104000 	C:\Windows\SYSTEM32\DBGHELP.DLL
0x00007ffeb1180000 - 0x00007ffeb11ac000 	C:\Windows\SYSTEM32\dbgcore.DLL
0x00007ffec2480000 - 0x00007ffec2502000 	C:\Windows\System32\bcryptPrimitives.dll
0x00007ffeb7210000 - 0x00007ffeb7239000 	C:\Program Files\Android\Android Studio\jre\bin\java.dll
0x00007ffebd840000 - 0x00007ffebd84b000 	C:\Program Files\Android\Android Studio\jre\bin\jimage.dll
0x00007ffeba760000 - 0x00007ffeba778000 	C:\Program Files\Android\Android Studio\jre\bin\zip.dll
0x00007ffec2590000 - 0x00007ffec2cd4000 	C:\Windows\System32\SHELL32.dll
0x00007ffebfcf0000 - 0x00007ffec0484000 	C:\Windows\SYSTEM32\windows.storage.dll
0x00007ffec33f0000 - 0x00007ffec3744000 	C:\Windows\System32\combase.dll
0x00007ffec1630000 - 0x00007ffec1660000 	C:\Windows\SYSTEM32\Wldp.dll
0x00007ffec3a30000 - 0x00007ffec3add000 	C:\Windows\System32\SHCORE.dll
0x00007ffec3180000 - 0x00007ffec31d5000 	C:\Windows\System32\shlwapi.dll
0x00007ffec1b10000 - 0x00007ffec1b2f000 	C:\Windows\SYSTEM32\profapi.dll
0x00007ffeba420000 - 0x00007ffeba43a000 	C:\Program Files\Android\Android Studio\jre\bin\net.dll
0x00007ffeb9a80000 - 0x00007ffeb9b8a000 	C:\Windows\SYSTEM32\WINHTTP.dll
0x00007ffec1390000 - 0x00007ffec13fa000 	C:\Windows\system32\mswsock.dll
0x00007ffeba3b0000 - 0x00007ffeba3c4000 	C:\Program Files\Android\Android Studio\jre\bin\nio.dll

dbghelp: loaded successfully - version: 4.0.5 - missing functions: none
symbol engine: initialized successfully - sym options: 0x614 - pdb path: .;C:\Program Files\Android\Android Studio\jre\bin;C:\Windows\SYSTEM32;C:\Windows\WinSxS\amd64_microsoft.windows.common-controls_6595b64144ccf1df_6.0.19041.1110_none_60b5254171f9507e;C:\Program Files\Android\Android Studio\jre\bin\server

VM Arguments:
java_command: org.jetbrains.kotlin.cli.jvm.K2JVMCompiler @C:\Users\Usuario Final\AndroidStudioProjects\p3dispomov2\app\build\20220806_2344504639379925037.compiler.options
java_class_path (initial): C:\Users\Usuario Final\.gradle\caches\modules-2\files-2.1\org.jetbrains.kotlin\kotlin-compiler-embeddable\1.6.21\97bdd5a752ce73b58ef16c17bc7f0ea2faff7a2e\kotlin-compiler-embeddable-1.6.21.jar;C:\Users\Usuario Final\.gradle\caches\modules-2\files-2.1\org.jetbrains.kotlin\kotlin-reflect\1.6.21\5dc3574d9b7bebfcb4ec6b10ada4aaa9e140bd0b\kotlin-reflect-1.6.21.jar;C:\Users\Usuario Final\.gradle\caches\modules-2\files-2.1\org.jetbrains.kotlin\kotlin-stdlib\1.6.21\11ef67f1900634fd951bad28c53ec957fabbe5b8\kotlin-stdlib-1.6.21.jar;C:\Users\Usuario Final\.gradle\caches\modules-2\files-2.1\org.jetbrains.kotlin\kotlin-script-runtime\1.6.21\99c6675100da5d6d5b1c5a1032f27f28008d101b\kotlin-script-runtime-1.6.21.jar;C:\Users\Usuario Final\.gradle\caches\modules-2\files-2.1\org.jetbrains.kotlin\kotlin-daemon-embeddable\1.6.21\46b78cf392e1c4f10854c3cadba44abb7b82250f\kotlin-daemon-embeddable-1.6.21.jar;C:\Users\Usuario Final\.gradle\caches\modules-2\files-2.1\org.jetbrains.intellij.deps\trove4j\1.0.20200330\3afb14d5f9ceb459d724e907a21145e8ff394f02\trove4j-1.0.20200330.jar;C:\Users\Usuario Final\.gradle\caches\modules-2\files-2.1\net.java.dev.jna\jna\5.6.0\330f2244e9030119ab3030fc3fededc86713d9cc\jna-5.6.0.jar;C:\Users\Usuario Final\.gradle\caches\modules-2\files-2.1\org.jetbrains.kotlin\kotlin-stdlib-common\1.6.21\5e5b55c26dbc80372a920aef60eb774b714559b8\kotlin-stdlib-common-1.6.21.jar;C:\Users\Usuario Final\.gradle\caches\modules-2\files-2.1\org.jetbrains\annotations\13.0\919f0dfe192fb4e063e7dacadee7f8bb9a2672a9\annotations-13.0.jar
Launcher Type: SUN_STANDARD

[Global flags]
     intx CICompilerCount                          = 3                                         {product} {ergonomic}
     uint ConcGCThreads                            = 1                                         {product} {ergonomic}
     uint G1ConcRefinementThreads                  = 4                                         {product} {ergonomic}
   size_t G1HeapRegionSize                         = 1048576                                   {product} {ergonomic}
    uintx GCDrainStackTargetSize                   = 64                                        {product} {ergonomic}
   size_t InitialHeapSize                          = 201326592                                 {product} {ergonomic}
   size_t MarkStackSize                            = 4194304                                   {product} {ergonomic}
   size_t MaxHeapSize                              = 3212836864                                {product} {ergonomic}
   size_t MaxNewSize                               = 1927282688                                {product} {ergonomic}
   size_t MinHeapDeltaBytes                        = 1048576                                   {product} {ergonomic}
    uintx NonNMethodCodeHeapSize                   = 5830732                                {pd product} {ergonomic}
    uintx NonProfiledCodeHeapSize                  = 122913754                              {pd product} {ergonomic}
    uintx ProfiledCodeHeapSize                     = 122913754                              {pd product} {ergonomic}
    uintx ReservedCodeCacheSize                    = 251658240                              {pd product} {ergonomic}
     bool SegmentedCodeCache                       = true                                      {product} {ergonomic}
     bool UseCompressedClassPointers               = true                                 {lp64_product} {ergonomic}
     bool UseCompressedOops                        = true                                 {lp64_product} {ergonomic}
     bool UseG1GC                                  = true                                      {product} {ergonomic}
     bool UseLargePagesIndividualAllocation        = false                                  {pd product} {ergonomic}

Logging:
Log output configuration:
 #0: stdout all=warning uptime,level,tags
 #1: stderr all=off uptime,level,tags

Environment Variables:
PATH=C:\Windows\system32;C:\Windows;C:\Windows\System32\Wbem;C:\Windows\System32\WindowsPowerShell\v1.0\;C:\Windows\System32\OpenSSH\;C:\Program Files (x86)\Microsoft SQL Server\150\DTS\Binn\;C:\Program Files\Azure Data Studio\bin;C:\Program Files\Microsoft SQL Server\Client SDK\ODBC\170\Tools\Binn\;C:\Program Files (x86)\Microsoft SQL Server\150\Tools\Binn\;C:\Program Files\Microsoft SQL Server\150\Tools\Binn\;C:\Program Files\Microsoft SQL Server\150\DTS\Binn\;C:\Program Files\nodejs\;C:\Program Files\MySQL\MySQL Shell 8.0\bin\;C:\Users\Usuario Final\AppData\Local\Programs\Python\Python310\Scripts\;C:\Users\Usuario Final\AppData\Local\Programs\Python\Python310\;C:\Users\Usuario Final\AppData\Local\Microsoft\WindowsApps;C:\Users\Usuario Final\AppData\Local\Programs\Microsoft VS Code\bin;C:\Program Files\Azure Data Studio\bin;C:\Users\Usuario Final\AppData\Roaming\npm;C:\Users\Usuario Final\AppData\Local\GitHubDesktop\bin
USERNAME=Usuario Final
OS=Windows_NT
PROCESSOR_IDENTIFIER=Intel64 Family 6 Model 58 Stepping 9, GenuineIntel



---------------  S Y S T E M  ---------------

OS: Windows 10 , 64 bit Build 19041 (10.0.19041.1806)
OS uptime: 2 days 9:43 hours

CPU:total 4 (initial active 4) (2 cores per cpu, 2 threads per core) family 6 model 58 stepping 9 microcode 0x21, cmov, cx8, fxsr, mmx, sse, sse2, sse3, ssse3, sse4.1, sse4.2, popcnt, avx, clmul, erms, ht, tsc, tscinvbit, tscinv

Memory: 4k page, system-wide physical 12249M (2130M free)
TotalPageFile size 14249M (AvailPageFile size 5M)
current process WorkingSet (physical memory assigned to process): 226M, peak: 229M
current process commit charge ("private bytes"): 371M, peak: 373M

vm_info: OpenJDK 64-Bit Server VM (11.0.12+7-b1504.28-7817840) for windows-amd64 JRE (11.0.12+7-b1504.28-7817840), built on Oct 13 2021 22:12:33 by "builder" with MS VC++ 14.0 (VS2015)

END.
