#
# There is insufficient memory for the Java Runtime Environment to continue.
# Native memory allocation (mmap) failed to map 58720256 bytes for Failed to commit area from 0x0000000091600000 to 0x0000000094e00000 of length 58720256.
# Possible reasons:
#   The system is out of physical RAM or swap space
#   The process is running with CompressedOops enabled, and the Java Heap may be blocking the growth of the native heap
# Possible solutions:
#   Reduce memory load on the system
#   Increase physical memory or swap space
#   Check if swap backing store is full
#   Decrease Java heap size (-Xmx/-Xms)
#   Decrease number of Java threads
#   Decrease Java thread stack sizes (-Xss)
#   Set larger code cache with -XX:ReservedCodeCacheSize=
#   JVM is running with Unscaled Compressed Oops mode in which the Java heap is
#     placed in the first 4GB address space. The Java Heap base address is the
#     maximum limit for the native heap growth. Please use -XX:HeapBaseMinAddress
#     to set the Java Heap base and to place the Java Heap above 4GB virtual address.
# This output file may be truncated or incomplete.
#
#  Out of Memory Error (./src/hotspot/os/windows/os_windows.cpp:3521), pid=10164, tid=4928
#
# JRE version: OpenJDK Runtime Environment (11.0.12+7) (build 11.0.12+7-b1504.28-7817840)
# Java VM: OpenJDK 64-Bit Server VM (11.0.12+7-b1504.28-7817840, mixed mode, tiered, compressed oops, g1 gc, windows-amd64)
# No core dump will be written. Minidumps are not enabled by default on client versions of Windows
#

---------------  S U M M A R Y ------------

Command Line: --add-opens=java.base/java.util=ALL-UNNAMED --add-opens=java.base/java.lang=ALL-UNNAMED --add-opens=java.base/java.lang.invoke=ALL-UNNAMED --add-opens=java.base/java.util=ALL-UNNAMED --add-opens=java.prefs/java.util.prefs=ALL-UNNAMED --add-opens=java.prefs/java.util.prefs=ALL-UNNAMED --add-opens=java.base/java.nio.charset=ALL-UNNAMED --add-opens=java.base/java.net=ALL-UNNAMED --add-opens=java.base/java.util.concurrent.atomic=ALL-UNNAMED -Xmx2048m -Dfile.encoding=UTF-8 -Duser.country=419 -Duser.language=es -Duser.variant org.gradle.launcher.daemon.bootstrap.GradleDaemon 7.3.3

Host: Intel(R) Core(TM) i3-3240 CPU @ 3.40GHz, 4 cores, 11G,  Windows 10 , 64 bit Build 19041 (10.0.19041.1806)
Time: Sat Aug  6 21:15:57 2022 Hora universal coordinada elapsed time: 52.085076 seconds (0d 0h 0m 52s)

---------------  T H R E A D  ---------------

Current thread (0x000001fac87b1800):  VMThread "VM Thread" [stack: 0x00000029a5e00000,0x00000029a5f00000] [id=4928]

Stack: [0x00000029a5e00000,0x00000029a5f00000]
[error occurred during error reporting (printing stack bounds), id 0xc0000005, EXCEPTION_ACCESS_VIOLATION (0xc0000005) at pc=0x000001fab26a112d]

Native frames: (J=compiled Java code, j=interpreted, Vv=VM code, C=native code)
V  [jvm.dll+0x5fbcea]
V  [jvm.dll+0x731905]
V  [jvm.dll+0x732f1d]
V  [jvm.dll+0x733535]
V  [jvm.dll+0x7334eb]
V  [jvm.dll+0x5fb080]
V  [jvm.dll+0x5fb818]
C  [ntdll.dll+0xa229f]
C  [ntdll.dll+0x51454]
C  [ntdll.dll+0xa0dce]
C  0x000001fab26a112d

VM_Operation (0x00000029ac1fe410): G1CollectForAllocation, mode: safepoint, requested by thread 0x000001fad4263800


---------------  P R O C E S S  ---------------

Threads class SMR info:
_java_thread_list=0x000001facb940f00, length=93, elements={
0x000001faaeb8e000, 0x000001fac87c6800, 0x000001fac87c8800, 0x000001fac9014800,
0x000001fac9016800, 0x000001fac901c000, 0x000001fac9021800, 0x000001fac902b800,
0x000001fac9033800, 0x000001fac9197000, 0x000001faca5e1800, 0x000001facb4da800,
0x000001facc669800, 0x000001fac9d7f000, 0x000001facb8c9000, 0x000001fac9030000,
0x000001fac902c000, 0x000001fac902d000, 0x000001fac902f800, 0x000001facceb5000,
0x000001facceb5800, 0x000001facceb4000, 0x000001facceb6800, 0x000001faccebc000,
0x000001faccebb800, 0x000001faccebf800, 0x000001facffd7000, 0x000001facffd8800,
0x000001facffd8000, 0x000001facffd9800, 0x000001facffda800, 0x000001facffd4800,
0x000001facffdc000, 0x000001facffd6000, 0x000001facffdc800, 0x000001facffe1000,
0x000001facffe3800, 0x000001facffdd800, 0x000001facffde800, 0x000001facffe0000,
0x000001facffdf000, 0x000001facffe2800, 0x000001facceb7800, 0x000001facceb8000,
0x000001faccec2000, 0x000001faccec1000, 0x000001faccec3000, 0x000001faccebe000,
0x000001fac902a800, 0x000001fac9031000, 0x000001fac902e000, 0x000001fac902e800,
0x000001facffc4800, 0x000001facffc6000, 0x000001facffc7000, 0x000001facffc9800,
0x000001facffca800, 0x000001facffc8000, 0x000001facffc5800, 0x000001facffcb000,
0x000001facffcc000, 0x000001facffcc800, 0x000001facffcd800, 0x000001facffce800,
0x000001facffc8800, 0x000001facffcf000, 0x000001facffd0000, 0x000001facffd1800,
0x000001facffd1000, 0x000001facffd3800, 0x000001facffd2800, 0x000001facf8e3000,
0x000001facf8e4000, 0x000001facf8e5000, 0x000001facf8e5800, 0x000001facf8e0000,
0x000001facf8e6800, 0x000001facf8e1000, 0x000001facf8e7800, 0x000001facf8e1800,
0x000001facf8e8000, 0x000001facf8e2800, 0x000001facf8ec000, 0x000001facf8e9000,
0x000001facf8eb800, 0x000001facf8e9800, 0x000001facf8ea800, 0x000001facf8ed000,
0x000001facf8ee000, 0x000001facf8ee800, 0x000001facffe1800, 0x000001fad4261800,
0x000001fad4263800
}

Java Threads: ( => current thread )
  0x000001faaeb8e000 JavaThread "main" [_thread_blocked, id=5756, stack(0x00000029a5800000,0x00000029a5900000)]
  0x000001fac87c6800 JavaThread "Reference Handler" daemon [_thread_blocked, id=7140, stack(0x00000029a5f00000,0x00000029a6000000)]
  0x000001fac87c8800 JavaThread "Finalizer" daemon [_thread_blocked, id=9292, stack(0x00000029a6000000,0x00000029a6100000)]
  0x000001fac9014800 JavaThread "Signal Dispatcher" daemon [_thread_blocked, id=6460, stack(0x00000029a6100000,0x00000029a6200000)]
  0x000001fac9016800 JavaThread "Attach Listener" daemon [_thread_blocked, id=5272, stack(0x00000029a6200000,0x00000029a6300000)]
  0x000001fac901c000 JavaThread "Service Thread" daemon [_thread_blocked, id=6252, stack(0x00000029a6300000,0x00000029a6400000)]
  0x000001fac9021800 JavaThread "C2 CompilerThread0" daemon [_thread_in_native, id=12192, stack(0x00000029a6400000,0x00000029a6500000)]
  0x000001fac902b800 JavaThread "C1 CompilerThread0" daemon [_thread_blocked, id=1000, stack(0x00000029a6500000,0x00000029a6600000)]
  0x000001fac9033800 JavaThread "Sweeper thread" daemon [_thread_blocked, id=7684, stack(0x00000029a6600000,0x00000029a6700000)]
  0x000001fac9197000 JavaThread "Common-Cleaner" daemon [_thread_blocked, id=10928, stack(0x00000029a6700000,0x00000029a6800000)]
  0x000001faca5e1800 JavaThread "Daemon health stats" [_thread_blocked, id=13040, stack(0x00000029a6d00000,0x00000029a6e00000)]
  0x000001facb4da800 JavaThread "Incoming local TCP Connector on port 51407" [_thread_in_native, id=11444, stack(0x00000029a6e00000,0x00000029a6f00000)]
  0x000001facc669800 JavaThread "Daemon periodic checks" [_thread_blocked, id=9980, stack(0x00000029a6f00000,0x00000029a7000000)]
  0x000001fac9d7f000 JavaThread "Daemon" [_thread_blocked, id=900, stack(0x00000029a7000000,0x00000029a7100000)]
  0x000001facb8c9000 JavaThread "Daemon worker" [_thread_blocked, id=8600, stack(0x00000029a7300000,0x00000029a7400000)]
  0x000001fac9030000 JavaThread "Cache worker for journal cache (C:\Users\Usuario Final\AndroidStudioProjects\ProyectoIIIUNIDADdispositivosmoviles\.gradle\gradle-7.3.3\caches\journal-1)" [_thread_blocked, id=8564, stack(0x00000029a7700000,0x00000029a7800000)]
  0x000001fac902c000 JavaThread "File lock request listener" [_thread_in_native, id=8508, stack(0x00000029a7800000,0x00000029a7900000)]
  0x000001fac902d000 JavaThread "Cache worker for file hash cache (C:\Users\Usuario Final\AndroidStudioProjects\ProyectoIIIUNIDADdispositivosmoviles\.gradle\gradle-7.3.3\caches\7.3.3\fileHashes)" [_thread_blocked, id=4392, stack(0x00000029a7900000,0x00000029a7a00000)]
  0x000001fac902f800 JavaThread "File watcher server" daemon [_thread_blocked, id=9384, stack(0x00000029a7b00000,0x00000029a7c00000)]
  0x000001facceb5000 JavaThread "File watcher consumer" daemon [_thread_blocked, id=12092, stack(0x00000029a7c00000,0x00000029a7d00000)]
  0x000001facceb5800 JavaThread "jar transforms" [_thread_blocked, id=11212, stack(0x00000029a7d00000,0x00000029a7e00000)]
  0x000001facceb4000 JavaThread "jar transforms Thread 2" [_thread_blocked, id=6968, stack(0x00000029a7e00000,0x00000029a7f00000)]
  0x000001facceb6800 JavaThread "jar transforms Thread 3" [_thread_blocked, id=10912, stack(0x00000029a7f00000,0x00000029a8000000)]
  0x000001faccebc000 JavaThread "jar transforms Thread 4" [_thread_blocked, id=8852, stack(0x00000029a8000000,0x00000029a8100000)]
  0x000001faccebb800 JavaThread "Cache worker for execution history cache (C:\Users\Usuario Final\AndroidStudioProjects\ProyectoIIIUNIDADdispositivosmoviles\.gradle\gradle-7.3.3\caches\7.3.3\executionHistory)" [_thread_blocked, id=11020, stack(0x00000029a8400000,0x00000029a8500000)]
  0x000001faccebf800 JavaThread "Cache worker for file content cache (C:\Users\Usuario Final\AndroidStudioProjects\ProyectoIIIUNIDADdispositivosmoviles\.gradle\gradle-7.3.3\caches\7.3.3\fileContent)" [_thread_blocked, id=7060, stack(0x00000029a8500000,0x00000029a8600000)]
  0x000001facffd7000 JavaThread "Memory manager" [_thread_blocked, id=8736, stack(0x00000029ab000000,0x00000029ab100000)]
  0x000001facffd8800 JavaThread "Handler for socket connection from /127.0.0.1:51407 to /127.0.0.1:51416" [_thread_in_native, id=9088, stack(0x00000029a7200000,0x00000029a7300000)]
  0x000001facffd8000 JavaThread "Cancel handler" [_thread_blocked, id=11440, stack(0x00000029a7400000,0x00000029a7500000)]
  0x000001facffd9800 JavaThread "Asynchronous log dispatcher for DefaultDaemonConnection: socket connection from /127.0.0.1:51407 to /127.0.0.1:51416" [_thread_blocked, id=7652, stack(0x00000029a7500000,0x00000029a7600000)]
  0x000001facffda800 JavaThread "Stdin handler" [_thread_blocked, id=7300, stack(0x00000029a7600000,0x00000029a7700000)]
  0x000001facffd4800 JavaThread "Daemon client event forwarder" [_thread_blocked, id=9180, stack(0x00000029a7a00000,0x00000029a7b00000)]
  0x000001facffdc000 JavaThread "Cache worker for file hash cache (C:\Users\Usuario Final\AndroidStudioProjects\p3dispomov2\.gradle\7.3.3\fileHashes)" [_thread_blocked, id=10744, stack(0x00000029a8100000,0x00000029a8200000)]
  0x000001facffd6000 JavaThread "Cache worker for checksums cache (C:\Users\Usuario Final\AndroidStudioProjects\p3dispomov2\.gradle\7.3.3\checksums)" [_thread_blocked, id=1712, stack(0x00000029a8200000,0x00000029a8300000)]
  0x000001facffdc800 JavaThread "Cache worker for cache directory md-supplier (C:\Users\Usuario Final\AndroidStudioProjects\ProyectoIIIUNIDADdispositivosmoviles\.gradle\gradle-7.3.3\caches\7.3.3\md-supplier)" [_thread_blocked, id=1228, stack(0x00000029a8600000,0x00000029a8700000)]
  0x000001facffe1000 JavaThread "Cache worker for cache directory md-rule (C:\Users\Usuario Final\AndroidStudioProjects\ProyectoIIIUNIDADdispositivosmoviles\.gradle\gradle-7.3.3\caches\7.3.3\md-rule)" [_thread_blocked, id=13264, stack(0x00000029a8700000,0x00000029a8800000)]
  0x000001facffe3800 JavaThread "Cache worker for dependencies-accessors (C:\Users\Usuario Final\AndroidStudioProjects\p3dispomov2\.gradle\7.3.3\dependencies-accessors)" [_thread_blocked, id=1808, stack(0x00000029a8800000,0x00000029a8900000)]
  0x000001facffdd800 JavaThread "Cache worker for Build Output Cleanup Cache (C:\Users\Usuario Final\AndroidStudioProjects\p3dispomov2\.gradle\buildOutputCleanup)" [_thread_blocked, id=2524, stack(0x00000029a8900000,0x00000029a8a00000)]
  0x000001facffde800 JavaThread "Unconstrained build operations" [_thread_blocked, id=232, stack(0x00000029a8a00000,0x00000029a8b00000)]
  0x000001facffe0000 JavaThread "Unconstrained build operations Thread 2" [_thread_blocked, id=5864, stack(0x00000029a8b00000,0x00000029a8c00000)]
  0x000001facffdf000 JavaThread "Unconstrained build operations Thread 3" [_thread_blocked, id=1240, stack(0x00000029a8c00000,0x00000029a8d00000)]
  0x000001facffe2800 JavaThread "Unconstrained build operations Thread 4" [_thread_blocked, id=11060, stack(0x00000029a8d00000,0x00000029a8e00000)]
  0x000001facceb7800 JavaThread "Unconstrained build operations Thread 5" [_thread_blocked, id=11268, stack(0x00000029a8e00000,0x00000029a8f00000)]
  0x000001facceb8000 JavaThread "Unconstrained build operations Thread 6" [_thread_blocked, id=8964, stack(0x00000029a8f00000,0x00000029a9000000)]
  0x000001faccec2000 JavaThread "Unconstrained build operations Thread 7" [_thread_blocked, id=7832, stack(0x00000029a9000000,0x00000029a9100000)]
  0x000001faccec1000 JavaThread "Unconstrained build operations Thread 8" [_thread_blocked, id=10180, stack(0x00000029a9100000,0x00000029a9200000)]
  0x000001faccec3000 JavaThread "Unconstrained build operations Thread 9" [_thread_blocked, id=12036, stack(0x00000029a9200000,0x00000029a9300000)]
  0x000001faccebe000 JavaThread "Unconstrained build operations Thread 10" [_thread_blocked, id=2060, stack(0x00000029a9300000,0x00000029a9400000)]
  0x000001fac902a800 JavaThread "Unconstrained build operations Thread 11" [_thread_blocked, id=8220, stack(0x00000029a9400000,0x00000029a9500000)]
  0x000001fac9031000 JavaThread "Unconstrained build operations Thread 12" [_thread_blocked, id=8876, stack(0x00000029a9500000,0x00000029a9600000)]
  0x000001fac902e000 JavaThread "Unconstrained build operations Thread 13" [_thread_blocked, id=13092, stack(0x00000029a9600000,0x00000029a9700000)]
  0x000001fac902e800 JavaThread "Unconstrained build operations Thread 14" [_thread_blocked, id=12028, stack(0x00000029a9700000,0x00000029a9800000)]
  0x000001facffc4800 JavaThread "Unconstrained build operations Thread 15" [_thread_blocked, id=11740, stack(0x00000029a9800000,0x00000029a9900000)]
  0x000001facffc6000 JavaThread "Unconstrained build operations Thread 16" [_thread_blocked, id=10052, stack(0x00000029a9900000,0x00000029a9a00000)]
  0x000001facffc7000 JavaThread "Unconstrained build operations Thread 17" [_thread_blocked, id=5472, stack(0x00000029a9a00000,0x00000029a9b00000)]
  0x000001facffc9800 JavaThread "Unconstrained build operations Thread 18" [_thread_blocked, id=11844, stack(0x00000029a9b00000,0x00000029a9c00000)]
  0x000001facffca800 JavaThread "Unconstrained build operations Thread 19" [_thread_blocked, id=8960, stack(0x00000029a9c00000,0x00000029a9d00000)]
  0x000001facffc8000 JavaThread "Unconstrained build operations Thread 20" [_thread_blocked, id=6092, stack(0x00000029a9d00000,0x00000029a9e00000)]
  0x000001facffc5800 JavaThread "Unconstrained build operations Thread 21" [_thread_blocked, id=6104, stack(0x00000029a9e00000,0x00000029a9f00000)]
  0x000001facffcb000 JavaThread "Unconstrained build operations Thread 22" [_thread_blocked, id=7996, stack(0x00000029a9f00000,0x00000029aa000000)]
  0x000001facffcc000 JavaThread "Unconstrained build operations Thread 23" [_thread_blocked, id=13212, stack(0x00000029aa000000,0x00000029aa100000)]
  0x000001facffcc800 JavaThread "Unconstrained build operations Thread 24" [_thread_blocked, id=348, stack(0x00000029aa100000,0x00000029aa200000)]
  0x000001facffcd800 JavaThread "Unconstrained build operations Thread 25" [_thread_blocked, id=13240, stack(0x00000029aa200000,0x00000029aa300000)]
  0x000001facffce800 JavaThread "Unconstrained build operations Thread 26" [_thread_blocked, id=2244, stack(0x00000029aa300000,0x00000029aa400000)]
  0x000001facffc8800 JavaThread "Unconstrained build operations Thread 27" [_thread_blocked, id=12424, stack(0x00000029aa400000,0x00000029aa500000)]
  0x000001facffcf000 JavaThread "Unconstrained build operations Thread 28" [_thread_blocked, id=11276, stack(0x00000029aa500000,0x00000029aa600000)]
  0x000001facffd0000 JavaThread "Unconstrained build operations Thread 29" [_thread_blocked, id=7752, stack(0x00000029aa600000,0x00000029aa700000)]
  0x000001facffd1800 JavaThread "Unconstrained build operations Thread 30" [_thread_blocked, id=12160, stack(0x00000029aa700000,0x00000029aa800000)]
  0x000001facffd1000 JavaThread "Unconstrained build operations Thread 31" [_thread_blocked, id=8272, stack(0x00000029aa800000,0x00000029aa900000)]
  0x000001facffd3800 JavaThread "Unconstrained build operations Thread 32" [_thread_blocked, id=1512, stack(0x00000029aa900000,0x00000029aaa00000)]
  0x000001facffd2800 JavaThread "Unconstrained build operations Thread 33" [_thread_blocked, id=7068, stack(0x00000029aaa00000,0x00000029aab00000)]
  0x000001facf8e3000 JavaThread "Unconstrained build operations Thread 34" [_thread_blocked, id=13000, stack(0x00000029aab00000,0x00000029aac00000)]
  0x000001facf8e4000 JavaThread "Unconstrained build operations Thread 35" [_thread_blocked, id=2156, stack(0x00000029aac00000,0x00000029aad00000)]
  0x000001facf8e5000 JavaThread "Unconstrained build operations Thread 36" [_thread_blocked, id=456, stack(0x00000029aad00000,0x00000029aae00000)]
  0x000001facf8e5800 JavaThread "Unconstrained build operations Thread 37" [_thread_blocked, id=4964, stack(0x00000029aae00000,0x00000029aaf00000)]
  0x000001facf8e0000 JavaThread "Unconstrained build operations Thread 38" [_thread_blocked, id=8608, stack(0x00000029aaf00000,0x00000029ab000000)]
  0x000001facf8e6800 JavaThread "Unconstrained build operations Thread 39" [_thread_blocked, id=11096, stack(0x00000029ab200000,0x00000029ab300000)]
  0x000001facf8e1000 JavaThread "Unconstrained build operations Thread 40" [_thread_blocked, id=11224, stack(0x00000029ab300000,0x00000029ab400000)]
  0x000001facf8e7800 JavaThread "build event listener" [_thread_blocked, id=2900, stack(0x00000029ab400000,0x00000029ab500000)]
  0x000001facf8e1800 JavaThread "Execution worker for ':'" [_thread_blocked, id=2112, stack(0x00000029ab500000,0x00000029ab600000)]
  0x000001facf8e8000 JavaThread "Execution worker for ':' Thread 2" [_thread_blocked, id=2340, stack(0x00000029ab600000,0x00000029ab700000)]
  0x000001facf8e2800 JavaThread "Execution worker for ':' Thread 3" [_thread_blocked, id=12488, stack(0x00000029ab700000,0x00000029ab800000)]
  0x000001facf8ec000 JavaThread "Cache worker for execution history cache (C:\Users\Usuario Final\AndroidStudioProjects\p3dispomov2\.gradle\7.3.3\executionHistory)" [_thread_blocked, id=11812, stack(0x00000029ab800000,0x00000029ab900000)]
  0x000001facf8e9000 JavaThread "WorkerExecutor Queue" [_thread_blocked, id=8420, stack(0x00000029ab900000,0x00000029aba00000)]
  0x000001facf8eb800 JavaThread "WorkerExecutor Queue Thread 2" [_thread_blocked, id=7468, stack(0x00000029aba00000,0x00000029abb00000)]
  0x000001facf8e9800 JavaThread "C2 CompilerThread1" daemon [_thread_in_native, id=6464, stack(0x00000029a8300000,0x00000029a8400000)]
  0x000001facf8ea800 JavaThread "WorkerExecutor Queue Thread 3" [_thread_blocked, id=12120, stack(0x00000029abb00000,0x00000029abc00000)]
  0x000001facf8ed000 JavaThread "WorkerExecutor Queue Thread 4" [_thread_blocked, id=4688, stack(0x00000029abc00000,0x00000029abd00000)]
  0x000001facf8ee000 JavaThread "WorkerExecutor Queue Thread 5" [_thread_blocked, id=6384, stack(0x00000029abd00000,0x00000029abe00000)]
  0x000001facf8ee800 JavaThread "ForkJoinPool-1-worker-3" daemon [_thread_blocked, id=3564, stack(0x00000029abe00000,0x00000029abf00000)]
  0x000001facffe1800 JavaThread "ForkJoinPool-1-worker-5" daemon [_thread_blocked, id=8236, stack(0x00000029abf00000,0x00000029ac000000)]
  0x000001fad4261800 JavaThread "ForkJoinPool-1-worker-7" daemon [_thread_blocked, id=6552, stack(0x00000029ac000000,0x00000029ac100000)]
  0x000001fad4263800 JavaThread "ForkJoinPool-1-worker-1" daemon [_thread_blocked, id=10564, stack(0x00000029ac100000,0x00000029ac200000)]

Other Threads:
=>0x000001fac87b1800 VMThread "VM Thread" [stack: 0x00000029a5e00000,0x00000029a5f00000] [id=4928]
  0x000001fac91b0000 WatcherThread [stack: 0x00000029a6800000,0x00000029a6900000] [id=11388]
  0x000001faaeba3800 GCTaskThread "GC Thread#0" [stack: 0x00000029a5900000,0x00000029a5a00000] [id=6192]
  0x000001fac9229000 GCTaskThread "GC Thread#1" [stack: 0x00000029a6a00000,0x00000029a6b00000] [id=2312]
  0x000001fac922a000 GCTaskThread "GC Thread#2" [stack: 0x00000029a6b00000,0x00000029a6c00000] [id=12108]
  0x000001fac922b000 GCTaskThread "GC Thread#3" [stack: 0x00000029a6c00000,0x00000029a6d00000] [id=2640]
  0x000001faaebd3800 ConcurrentGCThread "G1 Main Marker" [stack: 0x00000029a5a00000,0x00000029a5b00000] [id=8700]
  0x000001faaebd7800 ConcurrentGCThread "G1 Conc#0" [stack: 0x00000029a5b00000,0x00000029a5c00000] [id=3708]
  0x000001faaec6e000 ConcurrentGCThread "G1 Refine#0" [stack: 0x00000029a5c00000,0x00000029a5d00000] [id=9620]
  0x000001fac8600800 ConcurrentGCThread "G1 Young RemSet Sampling" [stack: 0x00000029a5d00000,0x00000029a5e00000] [id=5112]

Threads with active compile tasks:
C2 CompilerThread0  52107 19265 %     4       com.android.tools.r8.dex.j::m @ 64 (2094 bytes)
C2 CompilerThread1  52107 19439       4       com.android.tools.r8.code.y1::a (4129 bytes)

VM state:at safepoint (normal execution)

VM Mutex/Monitor currently owned by a thread:  ([mutex/lock_event])
[0x000001faaeb8c2b0] Threads_lock - owner thread: 0x000001fac87b1800
[0x000001faaeb8d780] Heap_lock - owner thread: 0x000001fad4263800

Heap address: 0x0000000080000000, size: 2048 MB, Compressed Oops mode: 32-bit
Narrow klass base: 0x0000000000000000, Narrow klass shift: 3
Compressed class space size: 1073741824 Address: 0x0000000100000000

Heap:
 garbage-first heap   total 342016K, used 227165K [0x0000000080000000, 0x0000000100000000)
  region size 1024K, 5 young (5120K), 5 survivors (5120K)
 Metaspace       used 144266K, capacity 147985K, committed 148224K, reserved 1177600K
  class space    used 18306K, capacity 19695K, committed 19712K, reserved 1048576K
Heap Regions: E=young(eden), S=young(survivor), O=old, HS=humongous(starts), HC=humongous(continues), CS=collection set, F=free, A=archive, TAMS=top-at-mark-start (previous, next)
|   0|0x0000000080000000, 0x0000000080100000, 0x0000000080100000|100%|HS|  |TAMS 0x0000000080100000, 0x0000000080100000| Complete 
|   1|0x0000000080100000, 0x0000000080200000, 0x0000000080200000|100%|HC|  |TAMS 0x0000000080200000, 0x0000000080200000| Complete 
|   2|0x0000000080200000, 0x0000000080300000, 0x0000000080300000|100%|HC|  |TAMS 0x0000000080300000, 0x0000000080300000| Complete 
|   3|0x0000000080300000, 0x0000000080400000, 0x0000000080400000|100%| O|  |TAMS 0x0000000080400000, 0x0000000080400000| Untracked 
|   4|0x0000000080400000, 0x0000000080500000, 0x0000000080500000|100%| O|  |TAMS 0x0000000080500000, 0x0000000080500000| Untracked 
|   5|0x0000000080500000, 0x0000000080600000, 0x0000000080600000|100%| O|  |TAMS 0x0000000080600000, 0x0000000080600000| Untracked 
|   6|0x0000000080600000, 0x0000000080700000, 0x0000000080700000|100%| O|  |TAMS 0x0000000080700000, 0x0000000080700000| Untracked 
|   7|0x0000000080700000, 0x0000000080800000, 0x0000000080800000|100%| O|  |TAMS 0x0000000080800000, 0x0000000080800000| Untracked 
|   8|0x0000000080800000, 0x0000000080900000, 0x0000000080900000|100%| O|  |TAMS 0x0000000080900000, 0x0000000080900000| Untracked 
|   9|0x0000000080900000, 0x0000000080a00000, 0x0000000080a00000|100%| O|  |TAMS 0x0000000080a00000, 0x0000000080a00000| Untracked 
|  10|0x0000000080a00000, 0x0000000080b00000, 0x0000000080b00000|100%| O|  |TAMS 0x0000000080b00000, 0x0000000080b00000| Untracked 
|  11|0x0000000080b00000, 0x0000000080c00000, 0x0000000080c00000|100%| O|  |TAMS 0x0000000080c00000, 0x0000000080c00000| Untracked 
|  12|0x0000000080c00000, 0x0000000080d00000, 0x0000000080d00000|100%| O|  |TAMS 0x0000000080d00000, 0x0000000080d00000| Untracked 
|  13|0x0000000080d00000, 0x0000000080e00000, 0x0000000080e00000|100%| O|  |TAMS 0x0000000080e00000, 0x0000000080e00000| Untracked 
|  14|0x0000000080e00000, 0x0000000080f00000, 0x0000000080f00000|100%| O|  |TAMS 0x0000000080f00000, 0x0000000080f00000| Untracked 
|  15|0x0000000080f00000, 0x0000000081000000, 0x0000000081000000|100%| O|  |TAMS 0x0000000081000000, 0x0000000081000000| Untracked 
|  16|0x0000000081000000, 0x0000000081100000, 0x0000000081100000|100%| O|  |TAMS 0x0000000081100000, 0x0000000081100000| Untracked 
|  17|0x0000000081100000, 0x0000000081200000, 0x0000000081200000|100%|HS|  |TAMS 0x0000000081200000, 0x0000000081200000| Complete 
|  18|0x0000000081200000, 0x0000000081300000, 0x0000000081300000|100%|HC|  |TAMS 0x0000000081300000, 0x0000000081300000| Complete 
|  19|0x0000000081300000, 0x0000000081400000, 0x0000000081400000|100%|HS|  |TAMS 0x0000000081400000, 0x0000000081400000| Complete 
|  20|0x0000000081400000, 0x0000000081500000, 0x0000000081500000|100%|HC|  |TAMS 0x0000000081500000, 0x0000000081500000| Complete 
|  21|0x0000000081500000, 0x0000000081600000, 0x0000000081600000|100%|HC|  |TAMS 0x0000000081600000, 0x0000000081600000| Complete 
|  22|0x0000000081600000, 0x0000000081700000, 0x0000000081700000|100%|HS|  |TAMS 0x0000000081700000, 0x0000000081700000| Complete 
|  23|0x0000000081700000, 0x0000000081800000, 0x0000000081800000|100%|HS|  |TAMS 0x0000000081800000, 0x0000000081800000| Complete 
|  24|0x0000000081800000, 0x0000000081900000, 0x0000000081900000|100%|HC|  |TAMS 0x0000000081900000, 0x0000000081900000| Complete 
|  25|0x0000000081900000, 0x0000000081a00000, 0x0000000081a00000|100%|HC|  |TAMS 0x0000000081a00000, 0x0000000081a00000| Complete 
|  26|0x0000000081a00000, 0x0000000081b00000, 0x0000000081b00000|100%|HC|  |TAMS 0x0000000081b00000, 0x0000000081b00000| Complete 
|  27|0x0000000081b00000, 0x0000000081c00000, 0x0000000081c00000|100%| O|  |TAMS 0x0000000081c00000, 0x0000000081c00000| Untracked 
|  28|0x0000000081c00000, 0x0000000081d00000, 0x0000000081d00000|100%|HS|  |TAMS 0x0000000081d00000, 0x0000000081d00000| Complete 
|  29|0x0000000081d00000, 0x0000000081e00000, 0x0000000081e00000|100%|HS|  |TAMS 0x0000000081e00000, 0x0000000081e00000| Complete 
|  30|0x0000000081e00000, 0x0000000081f00000, 0x0000000081f00000|100%| O|  |TAMS 0x0000000081f00000, 0x0000000081f00000| Untracked 
|  31|0x0000000081f00000, 0x0000000082000000, 0x0000000082000000|100%| O|  |TAMS 0x0000000082000000, 0x0000000082000000| Untracked 
|  32|0x0000000082000000, 0x0000000082100000, 0x0000000082100000|100%| O|  |TAMS 0x0000000082100000, 0x0000000082100000| Untracked 
|  33|0x0000000082100000, 0x0000000082200000, 0x0000000082200000|100%| O|  |TAMS 0x0000000082200000, 0x0000000082200000| Untracked 
|  34|0x0000000082200000, 0x0000000082300000, 0x0000000082300000|100%| O|  |TAMS 0x0000000082300000, 0x0000000082300000| Untracked 
|  35|0x0000000082300000, 0x0000000082400000, 0x0000000082400000|100%|HS|  |TAMS 0x0000000082400000, 0x0000000082400000| Complete 
|  36|0x0000000082400000, 0x0000000082500000, 0x0000000082500000|100%|HC|  |TAMS 0x0000000082500000, 0x0000000082500000| Complete 
|  37|0x0000000082500000, 0x0000000082600000, 0x0000000082600000|100%|HC|  |TAMS 0x0000000082600000, 0x0000000082600000| Complete 
|  38|0x0000000082600000, 0x0000000082700000, 0x0000000082700000|100%|HS|  |TAMS 0x0000000082700000, 0x0000000082700000| Complete 
|  39|0x0000000082700000, 0x0000000082800000, 0x0000000082800000|100%|HC|  |TAMS 0x0000000082800000, 0x0000000082800000| Complete 
|  40|0x0000000082800000, 0x0000000082900000, 0x0000000082900000|100%|HC|  |TAMS 0x0000000082900000, 0x0000000082900000| Complete 
|  41|0x0000000082900000, 0x0000000082a00000, 0x0000000082a00000|100%|HC|  |TAMS 0x0000000082a00000, 0x0000000082a00000| Complete 
|  42|0x0000000082a00000, 0x0000000082b00000, 0x0000000082b00000|100%| O|  |TAMS 0x0000000082b00000, 0x0000000082b00000| Untracked 
|  43|0x0000000082b00000, 0x0000000082c00000, 0x0000000082c00000|100%|HS|  |TAMS 0x0000000082c00000, 0x0000000082c00000| Complete 
|  44|0x0000000082c00000, 0x0000000082d00000, 0x0000000082d00000|100%|HS|  |TAMS 0x0000000082d00000, 0x0000000082d00000| Complete 
|  45|0x0000000082d00000, 0x0000000082e00000, 0x0000000082e00000|100%|HS|  |TAMS 0x0000000082e00000, 0x0000000082e00000| Complete 
|  46|0x0000000082e00000, 0x0000000082f00000, 0x0000000082f00000|100%|HC|  |TAMS 0x0000000082f00000, 0x0000000082f00000| Complete 
|  47|0x0000000082f00000, 0x0000000083000000, 0x0000000083000000|100%|HC|  |TAMS 0x0000000083000000, 0x0000000083000000| Complete 
|  48|0x0000000083000000, 0x0000000083100000, 0x0000000083100000|100%|HS|  |TAMS 0x0000000083100000, 0x0000000083100000| Complete 
|  49|0x0000000083100000, 0x0000000083200000, 0x0000000083200000|100%|HC|  |TAMS 0x0000000083200000, 0x0000000083200000| Complete 
|  50|0x0000000083200000, 0x0000000083300000, 0x0000000083300000|100%| O|  |TAMS 0x0000000083300000, 0x0000000083300000| Untracked 
|  51|0x0000000083300000, 0x0000000083400000, 0x0000000083400000|100%| O|  |TAMS 0x0000000083400000, 0x0000000083400000| Untracked 
|  52|0x0000000083400000, 0x0000000083500000, 0x0000000083500000|100%| O|  |TAMS 0x0000000083500000, 0x0000000083500000| Untracked 
|  53|0x0000000083500000, 0x0000000083600000, 0x0000000083600000|100%| O|  |TAMS 0x0000000083600000, 0x0000000083600000| Untracked 
|  54|0x0000000083600000, 0x0000000083700000, 0x0000000083700000|100%| O|  |TAMS 0x0000000083700000, 0x0000000083700000| Untracked 
|  55|0x0000000083700000, 0x0000000083800000, 0x0000000083800000|100%| O|  |TAMS 0x0000000083800000, 0x0000000083800000| Untracked 
|  56|0x0000000083800000, 0x0000000083900000, 0x0000000083900000|100%| O|  |TAMS 0x0000000083900000, 0x0000000083900000| Untracked 
|  57|0x0000000083900000, 0x0000000083a00000, 0x0000000083a00000|100%| O|  |TAMS 0x0000000083a00000, 0x0000000083a00000| Untracked 
|  58|0x0000000083a00000, 0x0000000083b00000, 0x0000000083b00000|100%| O|  |TAMS 0x0000000083b00000, 0x0000000083b00000| Untracked 
|  59|0x0000000083b00000, 0x0000000083c00000, 0x0000000083c00000|100%| O|  |TAMS 0x0000000083c00000, 0x0000000083c00000| Untracked 
|  60|0x0000000083c00000, 0x0000000083d00000, 0x0000000083d00000|100%| O|  |TAMS 0x0000000083d00000, 0x0000000083d00000| Untracked 
|  61|0x0000000083d00000, 0x0000000083e00000, 0x0000000083e00000|100%| O|  |TAMS 0x0000000083e00000, 0x0000000083e00000| Untracked 
|  62|0x0000000083e00000, 0x0000000083f00000, 0x0000000083f00000|100%| O|  |TAMS 0x0000000083f00000, 0x0000000083f00000| Untracked 
|  63|0x0000000083f00000, 0x0000000084000000, 0x0000000084000000|100%| O|  |TAMS 0x0000000084000000, 0x0000000084000000| Untracked 
|  64|0x0000000084000000, 0x0000000084100000, 0x0000000084100000|100%| O|  |TAMS 0x0000000084100000, 0x0000000084100000| Untracked 
|  65|0x0000000084100000, 0x0000000084200000, 0x0000000084200000|100%| O|  |TAMS 0x0000000084200000, 0x0000000084200000| Untracked 
|  66|0x0000000084200000, 0x0000000084300000, 0x0000000084300000|100%| O|  |TAMS 0x0000000084300000, 0x0000000084300000| Untracked 
|  67|0x0000000084300000, 0x0000000084400000, 0x0000000084400000|100%| O|  |TAMS 0x0000000084400000, 0x0000000084400000| Untracked 
|  68|0x0000000084400000, 0x0000000084500000, 0x0000000084500000|100%| O|  |TAMS 0x0000000084500000, 0x0000000084500000| Untracked 
|  69|0x0000000084500000, 0x0000000084600000, 0x0000000084600000|100%| O|  |TAMS 0x0000000084600000, 0x0000000084600000| Untracked 
|  70|0x0000000084600000, 0x0000000084700000, 0x0000000084700000|100%| O|  |TAMS 0x0000000084700000, 0x0000000084700000| Untracked 
|  71|0x0000000084700000, 0x0000000084800000, 0x0000000084800000|100%| O|  |TAMS 0x0000000084800000, 0x0000000084800000| Untracked 
|  72|0x0000000084800000, 0x0000000084900000, 0x0000000084900000|100%| O|  |TAMS 0x0000000084900000, 0x0000000084900000| Untracked 
|  73|0x0000000084900000, 0x0000000084a00000, 0x0000000084a00000|100%|HS|  |TAMS 0x0000000084a00000, 0x0000000084a00000| Complete 
|  74|0x0000000084a00000, 0x0000000084b00000, 0x0000000084b00000|100%| O|  |TAMS 0x0000000084b00000, 0x0000000084b00000| Untracked 
|  75|0x0000000084b00000, 0x0000000084c00000, 0x0000000084c00000|100%| O|  |TAMS 0x0000000084c00000, 0x0000000084c00000| Untracked 
|  76|0x0000000084c00000, 0x0000000084d00000, 0x0000000084d00000|100%|HS|  |TAMS 0x0000000084d00000, 0x0000000084d00000| Complete 
|  77|0x0000000084d00000, 0x0000000084e00000, 0x0000000084e00000|100%|HC|  |TAMS 0x0000000084e00000, 0x0000000084e00000| Complete 
|  78|0x0000000084e00000, 0x0000000084f00000, 0x0000000084f00000|100%|HS|  |TAMS 0x0000000084f00000, 0x0000000084f00000| Complete 
|  79|0x0000000084f00000, 0x0000000085000000, 0x0000000085000000|100%|HC|  |TAMS 0x0000000085000000, 0x0000000085000000| Complete 
|  80|0x0000000085000000, 0x0000000085100000, 0x0000000085100000|100%|HC|  |TAMS 0x0000000085100000, 0x0000000085100000| Complete 
|  81|0x0000000085100000, 0x0000000085200000, 0x0000000085200000|100%|HS|  |TAMS 0x0000000085200000, 0x0000000085200000| Complete 
|  82|0x0000000085200000, 0x0000000085300000, 0x0000000085300000|100%|HC|  |TAMS 0x0000000085300000, 0x0000000085300000| Complete 
|  83|0x0000000085300000, 0x0000000085400000, 0x0000000085400000|100%|HC|  |TAMS 0x0000000085400000, 0x0000000085400000| Complete 
|  84|0x0000000085400000, 0x0000000085500000, 0x0000000085500000|100%|HC|  |TAMS 0x0000000085500000, 0x0000000085500000| Complete 
|  85|0x0000000085500000, 0x0000000085600000, 0x0000000085600000|100%| O|  |TAMS 0x0000000085600000, 0x0000000085600000| Untracked 
|  86|0x0000000085600000, 0x0000000085700000, 0x0000000085700000|100%| O|  |TAMS 0x0000000085700000, 0x0000000085700000| Untracked 
|  87|0x0000000085700000, 0x0000000085800000, 0x0000000085800000|100%| O|  |TAMS 0x0000000085800000, 0x0000000085800000| Untracked 
|  88|0x0000000085800000, 0x0000000085900000, 0x0000000085900000|100%| O|  |TAMS 0x0000000085900000, 0x0000000085900000| Untracked 
|  89|0x0000000085900000, 0x0000000085a00000, 0x0000000085a00000|100%| O|  |TAMS 0x0000000085a00000, 0x0000000085a00000| Untracked 
|  90|0x0000000085a00000, 0x0000000085b00000, 0x0000000085b00000|100%| O|  |TAMS 0x0000000085b00000, 0x0000000085b00000| Untracked 
|  91|0x0000000085b00000, 0x0000000085c00000, 0x0000000085c00000|100%| O|  |TAMS 0x0000000085c00000, 0x0000000085c00000| Untracked 
|  92|0x0000000085c00000, 0x0000000085d00000, 0x0000000085d00000|100%| O|  |TAMS 0x0000000085d00000, 0x0000000085d00000| Untracked 
|  93|0x0000000085d00000, 0x0000000085e00000, 0x0000000085e00000|100%| O|  |TAMS 0x0000000085e00000, 0x0000000085e00000| Untracked 
|  94|0x0000000085e00000, 0x0000000085f00000, 0x0000000085f00000|100%| O|  |TAMS 0x0000000085f00000, 0x0000000085f00000| Untracked 
|  95|0x0000000085f00000, 0x0000000086000000, 0x0000000086000000|100%| O|  |TAMS 0x0000000086000000, 0x0000000086000000| Untracked 
|  96|0x0000000086000000, 0x0000000086100000, 0x0000000086100000|100%| O|  |TAMS 0x0000000086100000, 0x0000000086100000| Untracked 
|  97|0x0000000086100000, 0x0000000086200000, 0x0000000086200000|100%| O|  |TAMS 0x0000000086200000, 0x0000000086200000| Untracked 
|  98|0x0000000086200000, 0x0000000086300000, 0x0000000086300000|100%| O|  |TAMS 0x0000000086300000, 0x0000000086300000| Untracked 
|  99|0x0000000086300000, 0x0000000086400000, 0x0000000086400000|100%| O|  |TAMS 0x0000000086400000, 0x0000000086400000| Untracked 
| 100|0x0000000086400000, 0x0000000086500000, 0x0000000086500000|100%| O|  |TAMS 0x0000000086500000, 0x0000000086500000| Untracked 
| 101|0x0000000086500000, 0x0000000086600000, 0x0000000086600000|100%| O|  |TAMS 0x0000000086600000, 0x0000000086600000| Untracked 
| 102|0x0000000086600000, 0x0000000086700000, 0x0000000086700000|100%| O|  |TAMS 0x0000000086700000, 0x0000000086700000| Untracked 
| 103|0x0000000086700000, 0x0000000086800000, 0x0000000086800000|100%| O|  |TAMS 0x0000000086700000, 0x0000000086800000| Untracked 
| 104|0x0000000086800000, 0x0000000086900000, 0x0000000086900000|100%| O|  |TAMS 0x0000000086900000, 0x0000000086900000| Untracked 
| 105|0x0000000086900000, 0x0000000086a00000, 0x0000000086a00000|100%| O|  |TAMS 0x0000000086a00000, 0x0000000086a00000| Untracked 
| 106|0x0000000086a00000, 0x0000000086b00000, 0x0000000086b00000|100%| O|  |TAMS 0x0000000086b00000, 0x0000000086b00000| Untracked 
| 107|0x0000000086b00000, 0x0000000086c00000, 0x0000000086c00000|100%| O|  |TAMS 0x0000000086c00000, 0x0000000086c00000| Untracked 
| 108|0x0000000086c00000, 0x0000000086d00000, 0x0000000086d00000|100%| O|  |TAMS 0x0000000086d00000, 0x0000000086d00000| Untracked 
| 109|0x0000000086d00000, 0x0000000086e00000, 0x0000000086e00000|100%| O|  |TAMS 0x0000000086e00000, 0x0000000086e00000| Untracked 
| 110|0x0000000086e00000, 0x0000000086f00000, 0x0000000086f00000|100%| O|  |TAMS 0x0000000086f00000, 0x0000000086f00000| Untracked 
| 111|0x0000000086f00000, 0x0000000087000000, 0x0000000087000000|100%| O|  |TAMS 0x0000000087000000, 0x0000000087000000| Untracked 
| 112|0x0000000087000000, 0x0000000087100000, 0x0000000087100000|100%| O|  |TAMS 0x0000000087100000, 0x0000000087100000| Untracked 
| 113|0x0000000087100000, 0x0000000087200000, 0x0000000087200000|100%| O|  |TAMS 0x0000000087200000, 0x0000000087200000| Untracked 
| 114|0x0000000087200000, 0x0000000087300000, 0x0000000087300000|100%| O|  |TAMS 0x0000000087300000, 0x0000000087300000| Untracked 
| 115|0x0000000087300000, 0x0000000087400000, 0x0000000087400000|100%| O|  |TAMS 0x0000000087400000, 0x0000000087400000| Untracked 
| 116|0x0000000087400000, 0x0000000087500000, 0x0000000087500000|100%| O|  |TAMS 0x0000000087500000, 0x0000000087500000| Untracked 
| 117|0x0000000087500000, 0x0000000087600000, 0x0000000087600000|100%| O|  |TAMS 0x0000000087600000, 0x0000000087600000| Untracked 
| 118|0x0000000087600000, 0x0000000087700000, 0x0000000087700000|100%| O|  |TAMS 0x0000000087700000, 0x0000000087700000| Untracked 
| 119|0x0000000087700000, 0x0000000087800000, 0x0000000087800000|100%| O|  |TAMS 0x0000000087800000, 0x0000000087800000| Untracked 
| 120|0x0000000087800000, 0x0000000087900000, 0x0000000087900000|100%| O|  |TAMS 0x0000000087900000, 0x0000000087900000| Untracked 
| 121|0x0000000087900000, 0x0000000087a00000, 0x0000000087a00000|100%| O|  |TAMS 0x0000000087900000, 0x0000000087a00000| Untracked 
| 122|0x0000000087a00000, 0x0000000087b00000, 0x0000000087b00000|100%| O|  |TAMS 0x0000000087a00000, 0x0000000087b00000| Untracked 
| 123|0x0000000087b00000, 0x0000000087c00000, 0x0000000087c00000|100%| O|  |TAMS 0x0000000087c00000, 0x0000000087c00000| Untracked 
| 124|0x0000000087c00000, 0x0000000087d00000, 0x0000000087d00000|100%| O|  |TAMS 0x0000000087d00000, 0x0000000087d00000| Untracked 
| 125|0x0000000087d00000, 0x0000000087e00000, 0x0000000087e00000|100%| O|  |TAMS 0x0000000087e00000, 0x0000000087e00000| Untracked 
| 126|0x0000000087e00000, 0x0000000087f00000, 0x0000000087f00000|100%| O|  |TAMS 0x0000000087f00000, 0x0000000087f00000| Untracked 
| 127|0x0000000087f00000, 0x0000000088000000, 0x0000000088000000|100%| O|  |TAMS 0x0000000088000000, 0x0000000088000000| Untracked 
| 128|0x0000000088000000, 0x0000000088100000, 0x0000000088100000|100%| O|  |TAMS 0x0000000088100000, 0x0000000088100000| Untracked 
| 129|0x0000000088100000, 0x0000000088200000, 0x0000000088200000|100%| O|  |TAMS 0x0000000088200000, 0x0000000088200000| Untracked 
| 130|0x0000000088200000, 0x0000000088300000, 0x0000000088300000|100%| O|  |TAMS 0x0000000088300000, 0x0000000088300000| Untracked 
| 131|0x0000000088300000, 0x0000000088400000, 0x0000000088400000|100%| O|  |TAMS 0x0000000088400000, 0x0000000088400000| Untracked 
| 132|0x0000000088400000, 0x0000000088500000, 0x0000000088500000|100%| O|  |TAMS 0x0000000088500000, 0x0000000088500000| Untracked 
| 133|0x0000000088500000, 0x0000000088600000, 0x0000000088600000|100%| O|  |TAMS 0x0000000088500000, 0x0000000088600000| Untracked 
| 134|0x0000000088600000, 0x0000000088700000, 0x0000000088700000|100%| O|  |TAMS 0x0000000088600000, 0x0000000088700000| Untracked 
| 135|0x0000000088700000, 0x0000000088800000, 0x0000000088800000|100%| O|  |TAMS 0x0000000088800000, 0x0000000088800000| Untracked 
| 136|0x0000000088800000, 0x0000000088900000, 0x0000000088900000|100%| O|  |TAMS 0x0000000088900000, 0x0000000088900000| Untracked 
| 137|0x0000000088900000, 0x0000000088a00000, 0x0000000088a00000|100%| O|  |TAMS 0x0000000088a00000, 0x0000000088a00000| Untracked 
| 138|0x0000000088a00000, 0x0000000088b00000, 0x0000000088b00000|100%| O|  |TAMS 0x0000000088b00000, 0x0000000088b00000| Untracked 
| 139|0x0000000088b00000, 0x0000000088c00000, 0x0000000088c00000|100%| O|  |TAMS 0x0000000088c00000, 0x0000000088c00000| Untracked 
| 140|0x0000000088c00000, 0x0000000088d00000, 0x0000000088d00000|100%| O|  |TAMS 0x0000000088d00000, 0x0000000088d00000| Untracked 
| 141|0x0000000088d00000, 0x0000000088e00000, 0x0000000088e00000|100%| O|  |TAMS 0x0000000088e00000, 0x0000000088e00000| Untracked 
| 142|0x0000000088e00000, 0x0000000088f00000, 0x0000000088f00000|100%| O|  |TAMS 0x0000000088e00000, 0x0000000088f00000| Untracked 
| 143|0x0000000088f00000, 0x0000000089000000, 0x0000000089000000|100%| O|  |TAMS 0x0000000088f00000, 0x0000000089000000| Untracked 
| 144|0x0000000089000000, 0x0000000089100000, 0x0000000089100000|100%| O|  |TAMS 0x0000000089000000, 0x0000000089100000| Untracked 
| 145|0x0000000089100000, 0x0000000089200000, 0x0000000089200000|100%| O|  |TAMS 0x0000000089100000, 0x0000000089200000| Untracked 
| 146|0x0000000089200000, 0x0000000089300000, 0x0000000089300000|100%| O|  |TAMS 0x0000000089200000, 0x0000000089300000| Untracked 
| 147|0x0000000089300000, 0x0000000089400000, 0x0000000089400000|100%| O|  |TAMS 0x0000000089300000, 0x0000000089400000| Untracked 
| 148|0x0000000089400000, 0x0000000089500000, 0x0000000089500000|100%| O|  |TAMS 0x0000000089400000, 0x0000000089500000| Untracked 
| 149|0x0000000089500000, 0x0000000089600000, 0x0000000089600000|100%| O|  |TAMS 0x0000000089500000, 0x0000000089600000| Untracked 
| 150|0x0000000089600000, 0x0000000089700000, 0x0000000089700000|100%| O|  |TAMS 0x0000000089600000, 0x0000000089700000| Untracked 
| 151|0x0000000089700000, 0x0000000089800000, 0x0000000089800000|100%| O|  |TAMS 0x0000000089700000, 0x0000000089800000| Untracked 
| 152|0x0000000089800000, 0x0000000089900000, 0x0000000089900000|100%| O|  |TAMS 0x0000000089800000, 0x0000000089900000| Untracked 
| 153|0x0000000089900000, 0x0000000089a00000, 0x0000000089a00000|100%| O|  |TAMS 0x0000000089900000, 0x0000000089a00000| Untracked 
| 154|0x0000000089a00000, 0x0000000089b00000, 0x0000000089b00000|100%| O|  |TAMS 0x0000000089a00000, 0x0000000089b00000| Untracked 
| 155|0x0000000089b00000, 0x0000000089c00000, 0x0000000089c00000|100%| O|  |TAMS 0x0000000089b00000, 0x0000000089c00000| Untracked 
| 156|0x0000000089c00000, 0x0000000089d00000, 0x0000000089d00000|100%| O|  |TAMS 0x0000000089cc0c00, 0x0000000089d00000| Untracked 
| 157|0x0000000089d00000, 0x0000000089e00000, 0x0000000089e00000|100%| O|  |TAMS 0x0000000089d00000, 0x0000000089e00000| Untracked 
| 158|0x0000000089e00000, 0x0000000089f00000, 0x0000000089f00000|100%|HS|  |TAMS 0x0000000089e00000, 0x0000000089f00000| Complete 
| 159|0x0000000089f00000, 0x000000008a000000, 0x000000008a000000|100%|HC|  |TAMS 0x0000000089f00000, 0x000000008a000000| Complete 
| 160|0x000000008a000000, 0x000000008a100000, 0x000000008a100000|100%|HS|  |TAMS 0x000000008a000000, 0x000000008a100000| Complete 
| 161|0x000000008a100000, 0x000000008a200000, 0x000000008a200000|100%|HS|  |TAMS 0x000000008a100000, 0x000000008a200000| Complete 
| 162|0x000000008a200000, 0x000000008a300000, 0x000000008a300000|100%| O|  |TAMS 0x000000008a300000, 0x000000008a300000| Untracked 
| 163|0x000000008a300000, 0x000000008a400000, 0x000000008a400000|100%| O|  |TAMS 0x000000008a400000, 0x000000008a400000| Untracked 
| 164|0x000000008a400000, 0x000000008a500000, 0x000000008a500000|100%| O|  |TAMS 0x000000008a500000, 0x000000008a500000| Untracked 
| 165|0x000000008a500000, 0x000000008a600000, 0x000000008a600000|100%|HS|  |TAMS 0x000000008a500000, 0x000000008a600000| Complete 
| 166|0x000000008a600000, 0x000000008a700000, 0x000000008a700000|100%|HC|  |TAMS 0x000000008a600000, 0x000000008a700000| Complete 
| 167|0x000000008a700000, 0x000000008a800000, 0x000000008a800000|100%| O|  |TAMS 0x000000008a700000, 0x000000008a800000| Untracked 
| 168|0x000000008a800000, 0x000000008a900000, 0x000000008a900000|100%| O|  |TAMS 0x000000008a800000, 0x000000008a900000| Untracked 
| 169|0x000000008a900000, 0x000000008aa00000, 0x000000008aa00000|100%| O|  |TAMS 0x000000008a900000, 0x000000008aa00000| Untracked 
| 170|0x000000008aa00000, 0x000000008ab00000, 0x000000008ab00000|100%| O|  |TAMS 0x000000008ab00000, 0x000000008ab00000| Untracked 
| 171|0x000000008ab00000, 0x000000008ac00000, 0x000000008ac00000|100%| O|  |TAMS 0x000000008ab00000, 0x000000008ac00000| Untracked 
| 172|0x000000008ac00000, 0x000000008ad00000, 0x000000008ad00000|100%|HS|  |TAMS 0x000000008ac00000, 0x000000008ad00000| Complete 
| 173|0x000000008ad00000, 0x000000008ae00000, 0x000000008ae00000|100%|HC|  |TAMS 0x000000008ad00000, 0x000000008ae00000| Complete 
| 174|0x000000008ae00000, 0x000000008af00000, 0x000000008af00000|100%|HC|  |TAMS 0x000000008ae00000, 0x000000008af00000| Complete 
| 175|0x000000008af00000, 0x000000008b000000, 0x000000008b000000|100%| O|  |TAMS 0x000000008af00000, 0x000000008b000000| Untracked 
| 176|0x000000008b000000, 0x000000008b100000, 0x000000008b100000|100%| O|  |TAMS 0x000000008b000000, 0x000000008b100000| Untracked 
| 177|0x000000008b100000, 0x000000008b200000, 0x000000008b200000|100%|HS|  |TAMS 0x000000008b100000, 0x000000008b200000| Complete 
| 178|0x000000008b200000, 0x000000008b300000, 0x000000008b300000|100%|HC|  |TAMS 0x000000008b200000, 0x000000008b300000| Complete 
| 179|0x000000008b300000, 0x000000008b400000, 0x000000008b400000|100%|HS|  |TAMS 0x000000008b300000, 0x000000008b400000| Complete 
| 180|0x000000008b400000, 0x000000008b500000, 0x000000008b500000|100%|HS|  |TAMS 0x000000008b400000, 0x000000008b500000| Complete 
| 181|0x000000008b500000, 0x000000008b600000, 0x000000008b600000|100%|HS|  |TAMS 0x000000008b500000, 0x000000008b600000| Complete 
| 182|0x000000008b600000, 0x000000008b700000, 0x000000008b700000|100%| O|  |TAMS 0x000000008b600000, 0x000000008b700000| Untracked 
| 183|0x000000008b700000, 0x000000008b800000, 0x000000008b800000|100%| O|  |TAMS 0x000000008b700000, 0x000000008b800000| Untracked 
| 184|0x000000008b800000, 0x000000008b900000, 0x000000008b900000|100%|HS|  |TAMS 0x000000008b800000, 0x000000008b900000| Complete 
| 185|0x000000008b900000, 0x000000008ba00000, 0x000000008ba00000|100%| O|  |TAMS 0x000000008ba00000, 0x000000008ba00000| Untracked 
| 186|0x000000008ba00000, 0x000000008bb00000, 0x000000008bb00000|100%|HS|  |TAMS 0x000000008ba00000, 0x000000008bb00000| Complete 
| 187|0x000000008bb00000, 0x000000008bc00000, 0x000000008bc00000|100%|HC|  |TAMS 0x000000008bb00000, 0x000000008bc00000| Complete 
| 188|0x000000008bc00000, 0x000000008bd00000, 0x000000008bd00000|100%| O|  |TAMS 0x000000008bc00000, 0x000000008bd00000| Untracked 
| 189|0x000000008bd00000, 0x000000008be00000, 0x000000008be00000|100%| O|  |TAMS 0x000000008bd00000, 0x000000008be00000| Untracked 
| 190|0x000000008be00000, 0x000000008bf00000, 0x000000008bf00000|100%| O|  |TAMS 0x000000008be00000, 0x000000008bf00000| Untracked 
| 191|0x000000008bf00000, 0x000000008c000000, 0x000000008c000000|100%| O|  |TAMS 0x000000008bf00000, 0x000000008c000000| Untracked 
| 192|0x000000008c000000, 0x000000008c100000, 0x000000008c100000|100%| O|  |TAMS 0x000000008c000000, 0x000000008c100000| Untracked 
| 193|0x000000008c100000, 0x000000008c200000, 0x000000008c200000|100%|HS|  |TAMS 0x000000008c100000, 0x000000008c200000| Complete 
| 194|0x000000008c200000, 0x000000008c300000, 0x000000008c300000|100%|HC|  |TAMS 0x000000008c200000, 0x000000008c300000| Complete 
| 195|0x000000008c300000, 0x000000008c400000, 0x000000008c400000|100%|HC|  |TAMS 0x000000008c300000, 0x000000008c400000| Complete 
| 196|0x000000008c400000, 0x000000008c500000, 0x000000008c500000|100%| O|  |TAMS 0x000000008c400000, 0x000000008c500000| Untracked 
| 197|0x000000008c500000, 0x000000008c600000, 0x000000008c600000|100%| O|  |TAMS 0x000000008c500000, 0x000000008c600000| Untracked 
| 198|0x000000008c600000, 0x000000008c700000, 0x000000008c700000|100%| O|  |TAMS 0x000000008c600000, 0x000000008c700000| Untracked 
| 199|0x000000008c700000, 0x000000008c800000, 0x000000008c800000|100%| O|  |TAMS 0x000000008c700000, 0x000000008c800000| Untracked 
| 200|0x000000008c800000, 0x000000008c900000, 0x000000008c900000|100%| O|  |TAMS 0x000000008c800000, 0x000000008c900000| Untracked 
| 201|0x000000008c900000, 0x000000008ca00000, 0x000000008ca00000|100%| O|  |TAMS 0x000000008c900000, 0x000000008ca00000| Untracked 
| 202|0x000000008ca00000, 0x000000008cb00000, 0x000000008cb00000|100%| O|  |TAMS 0x000000008ca00000, 0x000000008cb00000| Untracked 
| 203|0x000000008cb00000, 0x000000008cc00000, 0x000000008cc00000|100%| O|  |TAMS 0x000000008cb00000, 0x000000008cc00000| Untracked 
| 204|0x000000008cc00000, 0x000000008cd00000, 0x000000008cd00000|100%| O|  |TAMS 0x000000008cc00000, 0x000000008cd00000| Untracked 
| 205|0x000000008cd00000, 0x000000008ce00000, 0x000000008ce00000|100%| O|  |TAMS 0x000000008cd00000, 0x000000008ce00000| Untracked 
| 206|0x000000008ce00000, 0x000000008cf00000, 0x000000008cf00000|100%| O|  |TAMS 0x000000008ce00000, 0x000000008cf00000| Untracked 
| 207|0x000000008cf00000, 0x000000008d000000, 0x000000008d000000|100%| O|  |TAMS 0x000000008cf00000, 0x000000008d000000| Untracked 
| 208|0x000000008d000000, 0x000000008d100000, 0x000000008d100000|100%| O|  |TAMS 0x000000008d000000, 0x000000008d100000| Untracked 
| 209|0x000000008d100000, 0x000000008d200000, 0x000000008d200000|100%| O|  |TAMS 0x000000008d100000, 0x000000008d200000| Untracked 
| 210|0x000000008d200000, 0x000000008d300000, 0x000000008d300000|100%| O|  |TAMS 0x000000008d200000, 0x000000008d300000| Untracked 
| 211|0x000000008d300000, 0x000000008d400000, 0x000000008d400000|100%| O|  |TAMS 0x000000008d300000, 0x000000008d400000| Untracked 
| 212|0x000000008d400000, 0x000000008d500000, 0x000000008d500000|100%| O|  |TAMS 0x000000008d400000, 0x000000008d500000| Untracked 
| 213|0x000000008d500000, 0x000000008d600000, 0x000000008d600000|100%| O|  |TAMS 0x000000008d500000, 0x000000008d600000| Untracked 
| 214|0x000000008d600000, 0x000000008d700000, 0x000000008d700000|100%| O|  |TAMS 0x000000008d600000, 0x000000008d700000| Untracked 
| 215|0x000000008d700000, 0x000000008d800000, 0x000000008d800000|100%| O|  |TAMS 0x000000008d700000, 0x000000008d800000| Untracked 
| 216|0x000000008d800000, 0x000000008d8d7400, 0x000000008d900000| 84%| O|  |TAMS 0x000000008d800000, 0x000000008d8d7400| Untracked 
| 217|0x000000008d900000, 0x000000008d900000, 0x000000008da00000|  0%| F|  |TAMS 0x000000008d900000, 0x000000008d900000| Untracked 
| 218|0x000000008da00000, 0x000000008da00000, 0x000000008db00000|  0%| F|  |TAMS 0x000000008da00000, 0x000000008da00000| Untracked 
| 219|0x000000008db00000, 0x000000008db00000, 0x000000008dc00000|  0%| F|  |TAMS 0x000000008db00000, 0x000000008db00000| Untracked 
| 220|0x000000008dc00000, 0x000000008dc00000, 0x000000008dd00000|  0%| F|  |TAMS 0x000000008dc00000, 0x000000008dc00000| Untracked 
| 221|0x000000008dd00000, 0x000000008dd00000, 0x000000008de00000|  0%| F|  |TAMS 0x000000008dd00000, 0x000000008dd00000| Untracked 
| 222|0x000000008de00000, 0x000000008de00000, 0x000000008df00000|  0%| F|  |TAMS 0x000000008de00000, 0x000000008de00000| Untracked 
| 223|0x000000008df00000, 0x000000008df00000, 0x000000008e000000|  0%| F|  |TAMS 0x000000008df00000, 0x000000008df00000| Untracked 
| 224|0x000000008e000000, 0x000000008e000000, 0x000000008e100000|  0%| F|  |TAMS 0x000000008e000000, 0x000000008e000000| Untracked 
| 225|0x000000008e100000, 0x000000008e100000, 0x000000008e200000|  0%| F|  |TAMS 0x000000008e100000, 0x000000008e100000| Untracked 
| 226|0x000000008e200000, 0x000000008e200000, 0x000000008e300000|  0%| F|  |TAMS 0x000000008e200000, 0x000000008e200000| Untracked 
| 227|0x000000008e300000, 0x000000008e300000, 0x000000008e400000|  0%| F|  |TAMS 0x000000008e300000, 0x000000008e300000| Untracked 
| 228|0x000000008e400000, 0x000000008e400000, 0x000000008e500000|  0%| F|  |TAMS 0x000000008e400000, 0x000000008e400000| Untracked 
| 229|0x000000008e500000, 0x000000008e500000, 0x000000008e600000|  0%| F|  |TAMS 0x000000008e500000, 0x000000008e500000| Untracked 
| 230|0x000000008e600000, 0x000000008e600000, 0x000000008e700000|  0%| F|  |TAMS 0x000000008e600000, 0x000000008e600000| Untracked 
| 231|0x000000008e700000, 0x000000008e700000, 0x000000008e800000|  0%| F|  |TAMS 0x000000008e700000, 0x000000008e700000| Untracked 
| 232|0x000000008e800000, 0x000000008e800000, 0x000000008e900000|  0%| F|  |TAMS 0x000000008e800000, 0x000000008e800000| Untracked 
| 233|0x000000008e900000, 0x000000008e900000, 0x000000008ea00000|  0%| F|  |TAMS 0x000000008e900000, 0x000000008e900000| Untracked 
| 234|0x000000008ea00000, 0x000000008ea00000, 0x000000008eb00000|  0%| F|  |TAMS 0x000000008ea00000, 0x000000008ea00000| Untracked 
| 235|0x000000008eb00000, 0x000000008eb00000, 0x000000008ec00000|  0%| F|  |TAMS 0x000000008eb00000, 0x000000008eb00000| Untracked 
| 236|0x000000008ec00000, 0x000000008ec00000, 0x000000008ed00000|  0%| F|  |TAMS 0x000000008ec00000, 0x000000008ec00000| Untracked 
| 237|0x000000008ed00000, 0x000000008ed00000, 0x000000008ee00000|  0%| F|  |TAMS 0x000000008ed00000, 0x000000008ed00000| Untracked 
| 238|0x000000008ee00000, 0x000000008ee00000, 0x000000008ef00000|  0%| F|  |TAMS 0x000000008ee00000, 0x000000008ee00000| Untracked 
| 239|0x000000008ef00000, 0x000000008ef00000, 0x000000008f000000|  0%| F|  |TAMS 0x000000008ef00000, 0x000000008ef00000| Untracked 
| 240|0x000000008f000000, 0x000000008f000000, 0x000000008f100000|  0%| F|  |TAMS 0x000000008f000000, 0x000000008f000000| Untracked 
| 241|0x000000008f100000, 0x000000008f100000, 0x000000008f200000|  0%| F|  |TAMS 0x000000008f100000, 0x000000008f100000| Untracked 
| 242|0x000000008f200000, 0x000000008f200000, 0x000000008f300000|  0%| F|  |TAMS 0x000000008f200000, 0x000000008f200000| Untracked 
| 243|0x000000008f300000, 0x000000008f300000, 0x000000008f400000|  0%| F|  |TAMS 0x000000008f300000, 0x000000008f300000| Untracked 
| 244|0x000000008f400000, 0x000000008f400000, 0x000000008f500000|  0%| F|  |TAMS 0x000000008f400000, 0x000000008f400000| Untracked 
| 245|0x000000008f500000, 0x000000008f500000, 0x000000008f600000|  0%| F|  |TAMS 0x000000008f500000, 0x000000008f500000| Untracked 
| 246|0x000000008f600000, 0x000000008f600000, 0x000000008f700000|  0%| F|  |TAMS 0x000000008f600000, 0x000000008f600000| Untracked 
| 247|0x000000008f700000, 0x000000008f800000, 0x000000008f800000|100%| S|CS|TAMS 0x000000008f700000, 0x000000008f700000| Complete 
| 248|0x000000008f800000, 0x000000008f900000, 0x000000008f900000|100%| S|CS|TAMS 0x000000008f800000, 0x000000008f800000| Complete 
| 249|0x000000008f900000, 0x000000008fa00000, 0x000000008fa00000|100%| S|CS|TAMS 0x000000008f900000, 0x000000008f900000| Complete 
| 250|0x000000008fa00000, 0x000000008fb00000, 0x000000008fb00000|100%| S|CS|TAMS 0x000000008fa00000, 0x000000008fa00000| Complete 
| 251|0x000000008fb00000, 0x000000008fc00000, 0x000000008fc00000|100%| S|CS|TAMS 0x000000008fb00000, 0x000000008fb00000| Complete 
| 252|0x000000008fc00000, 0x000000008fc00000, 0x000000008fd00000|  0%| F|  |TAMS 0x000000008fc00000, 0x000000008fc00000| Untracked 
| 253|0x000000008fd00000, 0x000000008fd00000, 0x000000008fe00000|  0%| F|  |TAMS 0x000000008fd00000, 0x000000008fd00000| Untracked 
| 254|0x000000008fe00000, 0x000000008fe00000, 0x000000008ff00000|  0%| F|  |TAMS 0x000000008fe00000, 0x000000008fe00000| Untracked 
| 255|0x000000008ff00000, 0x000000008ff00000, 0x0000000090000000|  0%| F|  |TAMS 0x000000008ff00000, 0x000000008ff00000| Untracked 
| 256|0x0000000090000000, 0x0000000090000000, 0x0000000090100000|  0%| F|  |TAMS 0x0000000090000000, 0x0000000090000000| Untracked 
| 257|0x0000000090100000, 0x0000000090100000, 0x0000000090200000|  0%| F|  |TAMS 0x0000000090100000, 0x0000000090100000| Untracked 
| 258|0x0000000090200000, 0x0000000090200000, 0x0000000090300000|  0%| F|  |TAMS 0x0000000090200000, 0x0000000090200000| Untracked 
| 259|0x0000000090300000, 0x0000000090300000, 0x0000000090400000|  0%| F|  |TAMS 0x0000000090300000, 0x0000000090300000| Untracked 
| 260|0x0000000090400000, 0x0000000090400000, 0x0000000090500000|  0%| F|  |TAMS 0x0000000090400000, 0x0000000090400000| Untracked 
| 261|0x0000000090500000, 0x0000000090500000, 0x0000000090600000|  0%| F|  |TAMS 0x0000000090500000, 0x0000000090500000| Untracked 
| 262|0x0000000090600000, 0x0000000090600000, 0x0000000090700000|  0%| F|  |TAMS 0x0000000090600000, 0x0000000090600000| Untracked 
| 263|0x0000000090700000, 0x0000000090700000, 0x0000000090800000|  0%| F|  |TAMS 0x0000000090700000, 0x0000000090700000| Untracked 
| 264|0x0000000090800000, 0x0000000090800000, 0x0000000090900000|  0%| F|  |TAMS 0x0000000090800000, 0x0000000090800000| Untracked 
| 265|0x0000000090900000, 0x0000000090900000, 0x0000000090a00000|  0%| F|  |TAMS 0x0000000090900000, 0x0000000090900000| Untracked 
| 266|0x0000000090a00000, 0x0000000090a00000, 0x0000000090b00000|  0%| F|  |TAMS 0x0000000090a00000, 0x0000000090a00000| Untracked 
| 267|0x0000000090b00000, 0x0000000090b00000, 0x0000000090c00000|  0%| F|  |TAMS 0x0000000090b00000, 0x0000000090b00000| Untracked 
| 268|0x0000000090c00000, 0x0000000090c00000, 0x0000000090d00000|  0%| F|  |TAMS 0x0000000090c00000, 0x0000000090c00000| Untracked 
| 269|0x0000000090d00000, 0x0000000090d00000, 0x0000000090e00000|  0%| F|  |TAMS 0x0000000090d00000, 0x0000000090d00000| Untracked 
| 270|0x0000000090e00000, 0x0000000090e00000, 0x0000000090f00000|  0%| F|  |TAMS 0x0000000090e00000, 0x0000000090e00000| Untracked 
| 271|0x0000000090f00000, 0x0000000090f00000, 0x0000000091000000|  0%| F|  |TAMS 0x0000000090f00000, 0x0000000090f00000| Untracked 
| 272|0x0000000091000000, 0x0000000091000000, 0x0000000091100000|  0%| F|  |TAMS 0x0000000091000000, 0x0000000091000000| Untracked 
| 273|0x0000000091100000, 0x0000000091100000, 0x0000000091200000|  0%| F|  |TAMS 0x0000000091100000, 0x0000000091100000| Untracked 
| 274|0x0000000091200000, 0x0000000091200000, 0x0000000091300000|  0%| F|  |TAMS 0x0000000091200000, 0x0000000091200000| Untracked 
| 275|0x0000000091300000, 0x0000000091300000, 0x0000000091400000|  0%| F|  |TAMS 0x0000000091300000, 0x0000000091300000| Untracked 
| 276|0x0000000091400000, 0x0000000091400000, 0x0000000091500000|  0%| F|  |TAMS 0x0000000091400000, 0x0000000091400000| Untracked 
| 277|0x0000000091500000, 0x0000000091500000, 0x0000000091600000|  0%| F|  |TAMS 0x0000000091500000, 0x0000000091500000| Untracked 

Card table byte_map: [0x000001fac1aa0000,0x000001fac1ea0000] _byte_map_base: 0x000001fac16a0000

Marking Bits (Prev, Next): (CMBitMap*) 0x000001faaebcaa50, (CMBitMap*) 0x000001faaebcaa18
 Prev Bits: [0x000001fac42a0000, 0x000001fac62a0000)
 Next Bits: [0x000001fac22a0000, 0x000001fac42a0000)

Polling page: 0x000001faacb70000

Metaspace:

Usage:
  Non-class:    125.28 MB capacity,   123.01 MB ( 98%) used,     1.85 MB (  1%) free+waste,   436.06 KB ( <1%) overhead. 
      Class:     19.23 MB capacity,    17.88 MB ( 93%) used,     1.17 MB (  6%) free+waste,   195.44 KB ( <1%) overhead. 
       Both:    144.52 MB capacity,   140.89 MB ( 97%) used,     3.01 MB (  2%) free+waste,   631.50 KB ( <1%) overhead. 

Virtual space:
  Non-class space:      126.00 MB reserved,     125.50 MB (>99%) committed 
      Class space:        1.00 GB reserved,      19.25 MB (  2%) committed 
             Both:        1.12 GB reserved,     144.75 MB ( 13%) committed 

Chunk freelists:
   Non-Class:  30.00 KB
       Class:  17.00 KB
        Both:  47.00 KB

MaxMetaspaceSize: 17179869184.00 GB
CompressedClassSpaceSize: 1.00 GB
Initial GC threshold: 20.80 MB
Current GC threshold: 214.38 MB
CDS: off

CodeHeap 'non-profiled nmethods': size=120064Kb used=12086Kb max_used=12086Kb free=107977Kb
 bounds [0x000001faba160000, 0x000001fabad30000, 0x000001fac16a0000]
CodeHeap 'profiled nmethods': size=120000Kb used=41916Kb max_used=41916Kb free=78084Kb
 bounds [0x000001fab2c30000, 0x000001fab5530000, 0x000001faba160000]
CodeHeap 'non-nmethods': size=5696Kb used=2519Kb max_used=2599Kb free=3176Kb
 bounds [0x000001fab26a0000, 0x000001fab2940000, 0x000001fab2c30000]
 total_blobs=19682 nmethods=18625 adapters=968
 compilation: enabled
              stopped_count=0, restarted_count=0
 full_count=0

Compilation events (20 events):
Event: 51.965 Thread 0x000001fac902b800 19661       1       com.android.tools.r8.internal.aH::size (5 bytes)
Event: 51.965 Thread 0x000001fac902b800 nmethod 19661 0x000001fabad2d890 code [0x000001fabad2da40, 0x000001fabad2daf8]
Event: 51.967 Thread 0x000001fac902b800 19662       2       com.android.tools.r8.code.K2::<init> (6 bytes)
Event: 51.967 Thread 0x000001fac902b800 nmethod 19662 0x000001fab551e910 code [0x000001fab551eac0, 0x000001fab551ebf8]
Event: 51.967 Thread 0x000001fac902b800 19663       2       com.android.tools.r8.code.U0::hashCode (21 bytes)
Event: 51.968 Thread 0x000001fac902b800 nmethod 19663 0x000001fab551ed10 code [0x000001fab551eec0, 0x000001fab551f008]
Event: 51.977 Thread 0x000001fac902b800 19665       2       com.android.tools.r8.internal.aH::<init> (88 bytes)
Event: 51.978 Thread 0x000001fac902b800 nmethod 19665 0x000001fab551f090 code [0x000001fab551f2c0, 0x000001fab551f848]
Event: 51.983 Thread 0x000001fac902b800 19667       2       com.android.tools.r8.graph.O$b$a::hashCode (16 bytes)
Event: 51.983 Thread 0x000001fac902b800 nmethod 19667 0x000001fab551fa10 code [0x000001fab551fbc0, 0x000001fab551fce8]
Event: 51.985 Thread 0x000001fac902b800 19668       2       com.android.tools.r8.internal.O0::<init> (5 bytes)
Event: 51.985 Thread 0x000001fac902b800 nmethod 19668 0x000001fab551fe10 code [0x000001fab551ffc0, 0x000001fab55200b8]
Event: 51.985 Thread 0x000001fac902b800 19669       2       com.android.tools.r8.internal.U0::<init> (5 bytes)
Event: 51.985 Thread 0x000001fac902b800 nmethod 19669 0x000001fab5520190 code [0x000001fab5520340, 0x000001fab5520438]
Event: 51.988 Thread 0x000001fac902b800 19670       2       com.android.tools.r8.dex.j$$Lambda$1812/0x00000001012e9c40::get (8 bytes)
Event: 51.988 Thread 0x000001fac902b800 nmethod 19670 0x000001fab5520510 code [0x000001fab55206c0, 0x000001fab55207e8]
Event: 51.995 Thread 0x000001fac902b800 19672       2       com.android.tools.r8.internal.So::b (146 bytes)
Event: 51.996 Thread 0x000001fac902b800 nmethod 19672 0x000001fab5520910 code [0x000001fab5520b00, 0x000001fab5521098]
Event: 52.002 Thread 0x000001fac902b800 19673       2       com.android.tools.r8.code.r3::<init> (8 bytes)
Event: 52.003 Thread 0x000001fac902b800 nmethod 19673 0x000001fab5521410 code [0x000001fab55215e0, 0x000001fab5521828]

GC Heap History (20 events):
Event: 44.462 GC heap after
{Heap after GC invocations=42 (full 0):
 garbage-first heap   total 236544K, used 178284K [0x0000000080000000, 0x0000000100000000)
  region size 1024K, 3 young (3072K), 3 survivors (3072K)
 Metaspace       used 128541K, capacity 131693K, committed 131968K, reserved 1163264K
  class space    used 16120K, capacity 17274K, committed 17280K, reserved 1048576K
}
Event: 44.507 GC heap before
{Heap before GC invocations=42 (full 0):
 garbage-first heap   total 236544K, used 186476K [0x0000000080000000, 0x0000000100000000)
  region size 1024K, 11 young (11264K), 3 survivors (3072K)
 Metaspace       used 128588K, capacity 131757K, committed 131968K, reserved 1163264K
  class space    used 16123K, capacity 17274K, committed 17280K, reserved 1048576K
}
Event: 44.518 GC heap after
{Heap after GC invocations=43 (full 0):
 garbage-first heap   total 236544K, used 157427K [0x0000000080000000, 0x0000000100000000)
  region size 1024K, 2 young (2048K), 2 survivors (2048K)
 Metaspace       used 128588K, capacity 131757K, committed 131968K, reserved 1163264K
  class space    used 16123K, capacity 17274K, committed 17280K, reserved 1048576K
}
Event: 44.615 GC heap before
{Heap before GC invocations=43 (full 0):
 garbage-first heap   total 236544K, used 166643K [0x0000000080000000, 0x0000000100000000)
  region size 1024K, 11 young (11264K), 2 survivors (2048K)
 Metaspace       used 128713K, capacity 131885K, committed 131968K, reserved 1163264K
  class space    used 16131K, capacity 17274K, committed 17280K, reserved 1048576K
}
Event: 44.630 GC heap after
{Heap after GC invocations=44 (full 0):
 garbage-first heap   total 236544K, used 159731K [0x0000000080000000, 0x0000000100000000)
  region size 1024K, 2 young (2048K), 2 survivors (2048K)
 Metaspace       used 128713K, capacity 131885K, committed 131968K, reserved 1163264K
  class space    used 16131K, capacity 17274K, committed 17280K, reserved 1048576K
}
Event: 45.086 GC heap before
{Heap before GC invocations=44 (full 0):
 garbage-first heap   total 236544K, used 189427K [0x0000000080000000, 0x0000000100000000)
  region size 1024K, 31 young (31744K), 2 survivors (2048K)
 Metaspace       used 129256K, capacity 132461K, committed 132608K, reserved 1165312K
  class space    used 16170K, capacity 17338K, committed 17408K, reserved 1048576K
}
Event: 45.092 GC heap after
{Heap after GC invocations=45 (full 0):
 garbage-first heap   total 236544K, used 160045K [0x0000000080000000, 0x0000000100000000)
  region size 1024K, 3 young (3072K), 3 survivors (3072K)
 Metaspace       used 129256K, capacity 132461K, committed 132608K, reserved 1165312K
  class space    used 16170K, capacity 17338K, committed 17408K, reserved 1048576K
}
Event: 46.254 GC heap before
{Heap before GC invocations=45 (full 0):
 garbage-first heap   total 236544K, used 189741K [0x0000000080000000, 0x0000000100000000)
  region size 1024K, 33 young (33792K), 3 survivors (3072K)
 Metaspace       used 129893K, capacity 133066K, committed 133120K, reserved 1165312K
  class space    used 16234K, capacity 17383K, committed 17408K, reserved 1048576K
}
Event: 46.263 GC heap after
{Heap after GC invocations=46 (full 0):
 garbage-first heap   total 236544K, used 162012K [0x0000000080000000, 0x0000000100000000)
  region size 1024K, 5 young (5120K), 5 survivors (5120K)
 Metaspace       used 129893K, capacity 133066K, committed 133120K, reserved 1165312K
  class space    used 16234K, capacity 17383K, committed 17408K, reserved 1048576K
}
Event: 47.024 GC heap before
{Heap before GC invocations=46 (full 0):
 garbage-first heap   total 236544K, used 192732K [0x0000000080000000, 0x0000000100000000)
  region size 1024K, 36 young (36864K), 5 survivors (5120K)
 Metaspace       used 131416K, capacity 134620K, committed 134912K, reserved 1167360K
  class space    used 16423K, capacity 17598K, committed 17664K, reserved 1048576K
}
Event: 47.037 GC heap after
{Heap after GC invocations=47 (full 0):
 garbage-first heap   total 284672K, used 164451K [0x0000000080000000, 0x0000000100000000)
  region size 1024K, 5 young (5120K), 5 survivors (5120K)
 Metaspace       used 131416K, capacity 134620K, committed 134912K, reserved 1167360K
  class space    used 16423K, capacity 17598K, committed 17664K, reserved 1048576K
}
Event: 48.043 GC heap before
{Heap before GC invocations=47 (full 0):
 garbage-first heap   total 284672K, used 216675K [0x0000000080000000, 0x0000000100000000)
  region size 1024K, 57 young (58368K), 5 survivors (5120K)
 Metaspace       used 132317K, capacity 135531K, committed 135680K, reserved 1167360K
  class space    used 16499K, capacity 17651K, committed 17664K, reserved 1048576K
}
Event: 48.062 GC heap after
{Heap after GC invocations=48 (full 0):
 garbage-first heap   total 284672K, used 168911K [0x0000000080000000, 0x0000000100000000)
  region size 1024K, 7 young (7168K), 7 survivors (7168K)
 Metaspace       used 132317K, capacity 135531K, committed 135680K, reserved 1167360K
  class space    used 16499K, capacity 17651K, committed 17664K, reserved 1048576K
}
Event: 49.400 GC heap before
{Heap before GC invocations=48 (full 0):
 garbage-first heap   total 284672K, used 222159K [0x0000000080000000, 0x0000000100000000)
  region size 1024K, 60 young (61440K), 7 survivors (7168K)
 Metaspace       used 136919K, capacity 140277K, committed 140544K, reserved 1171456K
  class space    used 17128K, capacity 18343K, committed 18432K, reserved 1048576K
}
Event: 49.414 GC heap after
{Heap after GC invocations=49 (full 0):
 garbage-first heap   total 284672K, used 171278K [0x0000000080000000, 0x0000000100000000)
  region size 1024K, 3 young (3072K), 3 survivors (3072K)
 Metaspace       used 136919K, capacity 140277K, committed 140544K, reserved 1171456K
  class space    used 17128K, capacity 18343K, committed 18432K, reserved 1048576K
}
Event: 50.754 GC heap before
{Heap before GC invocations=49 (full 0):
 garbage-first heap   total 284672K, used 243982K [0x0000000080000000, 0x0000000100000000)
  region size 1024K, 57 young (58368K), 3 survivors (3072K)
 Metaspace       used 142889K, capacity 146601K, committed 146688K, reserved 1177600K
  class space    used 18046K, capacity 19429K, committed 19456K, reserved 1048576K
}
Event: 50.765 GC heap after
{Heap after GC invocations=50 (full 0):
 garbage-first heap   total 284672K, used 191756K [0x0000000080000000, 0x0000000100000000)
  region size 1024K, 8 young (8192K), 8 survivors (8192K)
 Metaspace       used 142889K, capacity 146601K, committed 146688K, reserved 1177600K
  class space    used 18046K, capacity 19429K, committed 19456K, reserved 1048576K
}
Event: 51.623 GC heap before
{Heap before GC invocations=50 (full 0):
 garbage-first heap   total 284672K, used 251148K [0x0000000080000000, 0x0000000100000000)
  region size 1024K, 51 young (52224K), 8 survivors (8192K)
 Metaspace       used 143892K, capacity 147641K, committed 147712K, reserved 1177600K
  class space    used 18296K, capacity 19693K, committed 19712K, reserved 1048576K
}
Event: 51.660 GC heap after
{Heap after GC invocations=51 (full 0):
 garbage-first heap   total 284672K, used 213880K [0x0000000080000000, 0x0000000100000000)
  region size 1024K, 7 young (7168K), 7 survivors (7168K)
 Metaspace       used 143892K, capacity 147641K, committed 147712K, reserved 1177600K
  class space    used 18296K, capacity 19693K, committed 19712K, reserved 1048576K
}
Event: 52.011 GC heap before
{Heap before GC invocations=51 (full 0):
 garbage-first heap   total 284672K, used 240504K [0x0000000080000000, 0x0000000100000000)
  region size 1024K, 33 young (33792K), 7 survivors (7168K)
 Metaspace       used 144266K, capacity 147985K, committed 148224K, reserved 1177600K
  class space    used 18306K, capacity 19695K, committed 19712K, reserved 1048576K
}

Deoptimization events (20 events):
Event: 51.031 Thread 0x000001facf8ea800 DEOPT PACKING pc=0x000001fab54224fe sp=0x00000029abbfd530
Event: 51.031 Thread 0x000001facf8ea800 DEOPT UNPACKING pc=0x000001fab26ea95e sp=0x00000029abbfc9a8 mode 0
Event: 51.034 Thread 0x000001facf8ea800 DEOPT PACKING pc=0x000001fab54224fe sp=0x00000029abbfd3f0
Event: 51.034 Thread 0x000001facf8ea800 DEOPT UNPACKING pc=0x000001fab26ea95e sp=0x00000029abbfc868 mode 0
Event: 51.035 Thread 0x000001facf8ea800 DEOPT PACKING pc=0x000001fab54224fe sp=0x00000029abbfd3f0
Event: 51.035 Thread 0x000001facf8ea800 DEOPT UNPACKING pc=0x000001fab26ea95e sp=0x00000029abbfc868 mode 0
Event: 51.036 Thread 0x000001facf8ea800 DEOPT PACKING pc=0x000001fab54224fe sp=0x00000029abbfd3f0
Event: 51.036 Thread 0x000001facf8ea800 DEOPT UNPACKING pc=0x000001fab26ea95e sp=0x00000029abbfc868 mode 0
Event: 51.037 Thread 0x000001facf8ea800 DEOPT PACKING pc=0x000001fab54224fe sp=0x00000029abbfd3f0
Event: 51.037 Thread 0x000001facf8ea800 DEOPT UNPACKING pc=0x000001fab26ea95e sp=0x00000029abbfc868 mode 0
Event: 51.040 Thread 0x000001facf8ea800 DEOPT PACKING pc=0x000001fab54224fe sp=0x00000029abbfd250
Event: 51.040 Thread 0x000001facf8ea800 DEOPT UNPACKING pc=0x000001fab26ea95e sp=0x00000029abbfc6c8 mode 0
Event: 51.041 Thread 0x000001facf8ea800 DEOPT PACKING pc=0x000001fab54224fe sp=0x00000029abbfd250
Event: 51.041 Thread 0x000001facf8ea800 DEOPT UNPACKING pc=0x000001fab26ea95e sp=0x00000029abbfc6c8 mode 0
Event: 51.042 Thread 0x000001facf8ea800 DEOPT PACKING pc=0x000001fab54224fe sp=0x00000029abbfd250
Event: 51.042 Thread 0x000001facf8ea800 DEOPT UNPACKING pc=0x000001fab26ea95e sp=0x00000029abbfc6c8 mode 0
Event: 51.591 Thread 0x000001facffe1800 Uncommon trap: trap_request=0xffffff4d fr.pc=0x000001faba93c810 relative=0x0000000000000350
Event: 51.591 Thread 0x000001facffe1800 Uncommon trap: reason=unstable_if action=reinterpret pc=0x000001faba93c810 method=java.util.concurrent.ConcurrentLinkedQueue.offer(Ljava/lang/Object;)Z @ 42 c2
Event: 51.591 Thread 0x000001facffe1800 DEOPT PACKING pc=0x000001faba93c810 sp=0x00000029abffef20
Event: 51.591 Thread 0x000001facffe1800 DEOPT UNPACKING pc=0x000001fab26ea1af sp=0x00000029abffee68 mode 2

Classes redefined (0 events):
No events

Internal exceptions (20 events):
Event: 49.111 Thread 0x000001facf8e8000 Exception <a 'java/lang/NoSuchMethodError'{0x000000008eca73e0}: 'java.lang.Object java.lang.invoke.DirectMethodHandle$Holder.invokeStaticInit(java.lang.Object, java.lang.Object, java.lang.Object, java.lang.Object, java.lang.Object, java.lang.Object, java.lang.Object, java.lang.Object, java.lang.Object, java.lang.Object, java.lang.Object, java.lang.Object, java.lang.Object, java.lang.Object, java.lang.Object, java.lang.Object, java.lang.Object, java.lang.Object, int, java.lang.Object, java.lang.Object)'> (0
Event: 49.164 Thread 0x000001facf8e8000 Exception <a 'java/lang/IncompatibleClassChangeError'{0x000000008ea08af0}: Found class java.lang.Object, but interface was expected> (0x000000008ea08af0) thrown at [./src/hotspot/share/interpreter/linkResolver.cpp, line 839]
Event: 49.376 Thread 0x000001facf8e8000 Exception <a 'java/lang/IncompatibleClassChangeError'{0x000000008e27d218}: Found class java.lang.Object, but interface was expected> (0x000000008e27d218) thrown at [./src/hotspot/share/interpreter/linkResolver.cpp, line 839]
Event: 49.499 Thread 0x000001facf8e8000 Exception <a 'java/lang/NoSuchMethodError'{0x00000000911017d0}: 'java.lang.Object java.lang.invoke.DirectMethodHandle$Holder.invokeStatic(java.lang.Object, int, java.lang.Object, java.lang.Object)'> (0x00000000911017d0) thrown at [./src/hotspot/share/interpreter/linkResolver.cpp, line 773]
Event: 49.630 Thread 0x000001facf8e8000 Exception <a 'java/lang/NoSuchMethodError'{0x0000000090b43978}: 'int java.lang.invoke.DirectMethodHandle$Holder.invokeSpecial(java.lang.Object, java.lang.Object, java.lang.Object, java.lang.Object, java.lang.Object)'> (0x0000000090b43978) thrown at [./src/hotspot/share/interpreter/linkResolver.cpp, line 773]
Event: 49.675 Thread 0x000001facf8e8000 Exception <a 'java/lang/IncompatibleClassChangeError'{0x0000000090a67e08}: Found class java.lang.Object, but interface was expected> (0x0000000090a67e08) thrown at [./src/hotspot/share/interpreter/linkResolver.cpp, line 839]
Event: 49.677 Thread 0x000001facf8e8000 Exception <a 'java/lang/IncompatibleClassChangeError'{0x0000000090a731a8}: Found class java.lang.Object, but interface was expected> (0x0000000090a731a8) thrown at [./src/hotspot/share/interpreter/linkResolver.cpp, line 839]
Event: 49.764 Thread 0x000001facf8e8000 Exception <a 'java/lang/NoSuchMethodError'{0x00000000908b8340}: 'void java.lang.invoke.DirectMethodHandle$Holder.invokeSpecial(java.lang.Object, java.lang.Object, int, java.lang.Object)'> (0x00000000908b8340) thrown at [./src/hotspot/share/interpreter/linkResolver.cpp, line 773]
Event: 49.871 Thread 0x000001facf8e8000 Exception <a 'java/lang/NoSuchMethodError'{0x0000000090427c08}: 'java.lang.Object java.lang.invoke.DirectMethodHandle$Holder.newInvokeSpecial(java.lang.Object, int)'> (0x0000000090427c08) thrown at [./src/hotspot/share/interpreter/linkResolver.cpp, line 773]
Event: 50.103 Thread 0x000001facf8e8000 Exception <a 'java/lang/NoSuchMethodError'{0x000000008ffa2478}: 'java.lang.Object java.lang.invoke.Invokers$Holder.linkToTargetMethod(java.lang.Object, int, java.lang.Object, java.lang.Object, java.lang.Object, java.lang.Object)'> (0x000000008ffa2478) thrown at [./src/hotspot/share/interpreter/linkResolver.cpp, line 773]
Event: 50.104 Thread 0x000001facf8e8000 Exception <a 'java/lang/NoSuchMethodError'{0x000000008ffaf9e8}: 'java.lang.Object java.lang.invoke.DirectMethodHandle$Holder.invokeStatic(java.lang.Object, java.lang.Object, java.lang.Object, java.lang.Object, int, java.lang.Object, java.lang.Object)'> (0x000000008ffaf9e8) thrown at [./src/hotspot/share/interpreter/linkResolver.cpp, line 773]
Event: 50.108 Thread 0x000001facf8e8000 Exception <a 'java/lang/NoSuchMethodError'{0x000000008ffb7cd8}: 'java.lang.Object java.lang.invoke.Invokers$Holder.linkToTargetMethod(java.lang.Object, java.lang.Object, java.lang.Object, int, java.lang.Object, java.lang.Object, java.lang.Object)'> (0x000000008ffb7cd8) thrown at [./src/hotspot/share/interpreter/linkResolver.cpp, line 773]
Event: 50.115 Thread 0x000001facf8e8000 Exception <a 'java/lang/NoSuchMethodError'{0x000000008ffe7158}: 'void java.lang.invoke.DirectMethodHandle$Holder.invokeStatic(java.lang.Object, java.lang.Object, java.lang.Object, java.lang.Object, java.lang.Object, java.lang.Object, java.lang.Object, java.lang.Object)'> (0x000000008ffe7158) thrown at [./src/hotspot/share/interpreter/linkResolver.cpp, line 773]
Event: 50.115 Thread 0x000001facf8ed000 Exception <a 'java/io/IOException'{0x000000008fe0bb40}> (0x000000008fe0bb40) thrown at [./src/hotspot/share/prims/jni.cpp, line 615]
Event: 50.143 Thread 0x000001facffd4800 Exception <a 'java/lang/NoSuchMethodError'{0x000000008fb6dd18}: <clinit>> (0x000000008fb6dd18) thrown at [./src/hotspot/share/prims/jni.cpp, line 1365]
Event: 50.144 Thread 0x000001facffd4800 Exception <a 'java/lang/NoSuchMethodError'{0x000000008fb77fe0}: <clinit>> (0x000000008fb77fe0) thrown at [./src/hotspot/share/prims/jni.cpp, line 1365]
Event: 50.203 Thread 0x000001facf8e8000 Exception <a 'java/lang/IncompatibleClassChangeError'{0x000000008f9030b8}: Found class java.lang.Object, but interface was expected> (0x000000008f9030b8) thrown at [./src/hotspot/share/interpreter/linkResolver.cpp, line 839]
Event: 50.240 Thread 0x000001facf8e8000 Exception <a 'java/lang/NoSuchMethodError'{0x000000008f8acad8}: 'void java.lang.invoke.DirectMethodHandle$Holder.invokeSpecial(java.lang.Object, java.lang.Object, int)'> (0x000000008f8acad8) thrown at [./src/hotspot/share/interpreter/linkResolver.cpp, line 773]
Event: 50.261 Thread 0x000001facf8e8000 Exception <a 'sun/nio/fs/WindowsException'{0x000000008f7488f0}> (0x000000008f7488f0) thrown at [./src/hotspot/share/prims/jni.cpp, line 615]
Event: 50.663 Thread 0x000001facf8ea800 Exception <a 'sun/nio/fs/WindowsException'{0x000000008e7c1120}> (0x000000008e7c1120) thrown at [./src/hotspot/share/prims/jni.cpp, line 615]

Events (20 events):
Event: 51.670 loading class com/android/tools/r8/internal/vH done
Event: 51.672 loading class com/android/tools/r8/graph/p0
Event: 51.672 loading class com/android/tools/r8/graph/p0 done
Event: 51.672 loading class com/android/tools/r8/graph/M2
Event: 51.672 loading class com/android/tools/r8/graph/M2 done
Event: 51.673 loading class com/android/tools/r8/internal/XG
Event: 51.673 loading class com/android/tools/r8/internal/XG done
Event: 51.674 loading class com/android/tools/r8/internal/TG
Event: 51.674 loading class com/android/tools/r8/internal/TG done
Event: 51.674 loading class com/android/tools/r8/internal/YG
Event: 51.674 loading class com/android/tools/r8/internal/YG done
Event: 51.675 Executing VM operation: RevokeBias
Event: 51.675 Executing VM operation: RevokeBias done
Event: 51.677 loading class com/android/tools/r8/graph/M2
Event: 51.677 loading class com/android/tools/r8/graph/M2 done
Event: 51.677 loading class com/android/tools/r8/internal/WG
Event: 51.677 loading class com/android/tools/r8/internal/WG done
Event: 51.678 loading class com/android/tools/r8/internal/bH
Event: 51.678 loading class com/android/tools/r8/internal/bH done
Event: 52.010 Executing VM operation: G1CollectForAllocation


Dynamic libraries:
0x00007ff758200000 - 0x00007ff75820a000 	C:\Program Files\Android\Android Studio\jre\bin\java.exe
0x00007ffec44b0000 - 0x00007ffec46a8000 	C:\Windows\SYSTEM32\ntdll.dll
0x00007ffec31e0000 - 0x00007ffec329d000 	C:\Windows\System32\KERNEL32.DLL
0x00007ffec1bd0000 - 0x00007ffec1e9e000 	C:\Windows\System32\KERNELBASE.dll
0x00007ffec1ea0000 - 0x00007ffec1fa0000 	C:\Windows\System32\ucrtbase.dll
0x00007ffeb8dd0000 - 0x00007ffeb8de9000 	C:\Program Files\Android\Android Studio\jre\bin\jli.dll
0x00007ffeba510000 - 0x00007ffeba527000 	C:\Program Files\Android\Android Studio\jre\bin\VCRUNTIME140.dll
0x00007ffec2ce0000 - 0x00007ffec2e80000 	C:\Windows\System32\USER32.dll
0x00007ffec2100000 - 0x00007ffec2122000 	C:\Windows\System32\win32u.dll
0x00007ffec3010000 - 0x00007ffec303a000 	C:\Windows\System32\GDI32.dll
0x00007ffeaf2f0000 - 0x00007ffeaf58a000 	C:\Windows\WinSxS\amd64_microsoft.windows.common-controls_6595b64144ccf1df_6.0.19041.1110_none_60b5254171f9507e\COMCTL32.dll
0x00007ffec1fa0000 - 0x00007ffec20ab000 	C:\Windows\System32\gdi32full.dll
0x00007ffec2f70000 - 0x00007ffec300e000 	C:\Windows\System32\msvcrt.dll
0x00007ffec2280000 - 0x00007ffec231d000 	C:\Windows\System32\msvcp_win.dll
0x00007ffec32a0000 - 0x00007ffec32d0000 	C:\Windows\System32\IMM32.DLL
0x00007ffe91e60000 - 0x00007ffe91efd000 	C:\Program Files\Android\Android Studio\jre\bin\msvcp140.dll
0x00007ffe633d0000 - 0x00007ffe63eb5000 	C:\Program Files\Android\Android Studio\jre\bin\server\jvm.dll
0x00007ffec3ae0000 - 0x00007ffec3b8e000 	C:\Windows\System32\ADVAPI32.dll
0x00007ffec3330000 - 0x00007ffec33cc000 	C:\Windows\System32\sechost.dll
0x00007ffec3770000 - 0x00007ffec3895000 	C:\Windows\System32\RPCRT4.dll
0x00007ffec3170000 - 0x00007ffec3178000 	C:\Windows\System32\PSAPI.DLL
0x00007ffeb6a70000 - 0x00007ffeb6a97000 	C:\Windows\SYSTEM32\WINMM.dll
0x00007ffea25c0000 - 0x00007ffea25c9000 	C:\Windows\SYSTEM32\WSOCK32.dll
0x00007ffec3b90000 - 0x00007ffec3bfb000 	C:\Windows\System32\WS2_32.dll
0x00007ffeb9150000 - 0x00007ffeb915a000 	C:\Windows\SYSTEM32\VERSION.dll
0x00007ffebfa10000 - 0x00007ffebfa22000 	C:\Windows\SYSTEM32\kernel.appcore.dll
0x00007ffebabd0000 - 0x00007ffebabe1000 	C:\Program Files\Android\Android Studio\jre\bin\verify.dll
0x00007ffebaf20000 - 0x00007ffebb104000 	C:\Windows\SYSTEM32\DBGHELP.DLL
0x00007ffeb1180000 - 0x00007ffeb11ac000 	C:\Windows\SYSTEM32\dbgcore.DLL
0x00007ffec2480000 - 0x00007ffec2502000 	C:\Windows\System32\bcryptPrimitives.dll
0x00007ffeb7210000 - 0x00007ffeb7239000 	C:\Program Files\Android\Android Studio\jre\bin\java.dll
0x00007ffebd840000 - 0x00007ffebd84b000 	C:\Program Files\Android\Android Studio\jre\bin\jimage.dll
0x00007ffeba760000 - 0x00007ffeba778000 	C:\Program Files\Android\Android Studio\jre\bin\zip.dll
0x00007ffec2590000 - 0x00007ffec2cd4000 	C:\Windows\System32\SHELL32.dll
0x00007ffebfcf0000 - 0x00007ffec0484000 	C:\Windows\SYSTEM32\windows.storage.dll
0x00007ffec33f0000 - 0x00007ffec3744000 	C:\Windows\System32\combase.dll
0x00007ffec1630000 - 0x00007ffec1660000 	C:\Windows\SYSTEM32\Wldp.dll
0x00007ffec3a30000 - 0x00007ffec3add000 	C:\Windows\System32\SHCORE.dll
0x00007ffec3180000 - 0x00007ffec31d5000 	C:\Windows\System32\shlwapi.dll
0x00007ffec1b10000 - 0x00007ffec1b2f000 	C:\Windows\SYSTEM32\profapi.dll
0x00007ffeba420000 - 0x00007ffeba43a000 	C:\Program Files\Android\Android Studio\jre\bin\net.dll
0x00007ffeb9a80000 - 0x00007ffeb9b8a000 	C:\Windows\SYSTEM32\WINHTTP.dll
0x00007ffec1390000 - 0x00007ffec13fa000 	C:\Windows\system32\mswsock.dll
0x00007ffeba3b0000 - 0x00007ffeba3c4000 	C:\Program Files\Android\Android Studio\jre\bin\nio.dll
0x00007ffeb4870000 - 0x00007ffeb4897000 	C:\Users\Usuario Final\AndroidStudioProjects\ProyectoIIIUNIDADdispositivosmoviles\.gradle\gradle-7.3.3\native\e1d6ef7f7dcc3fd88c89a11ec53ec762bb8ba0a96d01ffa2cd45eb1d1d8dd5c5\windows-amd64\native-platform.dll
0x00007ffe93700000 - 0x00007ffe93844000 	C:\Users\Usuario Final\AndroidStudioProjects\ProyectoIIIUNIDADdispositivosmoviles\.gradle\gradle-7.3.3\native\5664cfc778a61ccfe75a443a1ab52a65af34e5dc3c78e0209fed803814484fcb\windows-amd64\native-platform-file-events.dll
0x00007ffebd810000 - 0x00007ffebd81a000 	C:\Program Files\Android\Android Studio\jre\bin\management.dll
0x00007ffebd7b0000 - 0x00007ffebd7bd000 	C:\Program Files\Android\Android Studio\jre\bin\management_ext.dll
0x00007ffec1580000 - 0x00007ffec1598000 	C:\Windows\SYSTEM32\CRYPTSP.dll
0x00007ffec0ca0000 - 0x00007ffec0cd4000 	C:\Windows\system32\rsaenh.dll
0x00007ffec21e0000 - 0x00007ffec2207000 	C:\Windows\System32\bcrypt.dll
0x00007ffec1ad0000 - 0x00007ffec1afe000 	C:\Windows\SYSTEM32\USERENV.dll
0x00007ffec15a0000 - 0x00007ffec15ac000 	C:\Windows\SYSTEM32\CRYPTBASE.dll
0x00007ffec1030000 - 0x00007ffec106b000 	C:\Windows\SYSTEM32\IPHLPAPI.DLL
0x00007ffec33e0000 - 0x00007ffec33e8000 	C:\Windows\System32\NSI.dll
0x00007ffebb510000 - 0x00007ffebb527000 	C:\Windows\SYSTEM32\dhcpcsvc6.DLL
0x00007ffebb110000 - 0x00007ffebb12d000 	C:\Windows\SYSTEM32\dhcpcsvc.DLL
0x00007ffec1080000 - 0x00007ffec114b000 	C:\Windows\SYSTEM32\DNSAPI.dll
0x00007ffeb5930000 - 0x00007ffeb5957000 	C:\Program Files\Android\Android Studio\jre\bin\sunec.dll
0x00007ffeb8f10000 - 0x00007ffeb8f1a000 	C:\Windows\System32\rasadhlp.dll
0x00007ffeb8c30000 - 0x00007ffeb8cb0000 	C:\Windows\System32\fwpuclnt.dll
0x00007ffec08d0000 - 0x00007ffec0903000 	C:\Windows\SYSTEM32\ntmarta.dll

dbghelp: loaded successfully - version: 4.0.5 - missing functions: none
symbol engine: initialized successfully - sym options: 0x614 - pdb path: .;C:\Program Files\Android\Android Studio\jre\bin;C:\Windows\SYSTEM32;C:\Windows\WinSxS\amd64_microsoft.windows.common-controls_6595b64144ccf1df_6.0.19041.1110_none_60b5254171f9507e;C:\Program Files\Android\Android Studio\jre\bin\server;C:\Users\Usuario Final\AndroidStudioProjects\ProyectoIIIUNIDADdispositivosmoviles\.gradle\gradle-7.3.3\native\e1d6ef7f7dcc3fd88c89a11ec53ec762bb8ba0a96d01ffa2cd45eb1d1d8dd5c5\windows-amd64;C:\Users\Usuario Final\AndroidStudioProjects\ProyectoIIIUNIDADdispositivosmoviles\.gradle\gradle-7.3.3\native\5664cfc778a61ccfe75a443a1ab52a65af34e5dc3c78e0209fed803814484fcb\windows-amd64

VM Arguments:
jvm_args: --add-opens=java.base/java.util=ALL-UNNAMED --add-opens=java.base/java.lang=ALL-UNNAMED --add-opens=java.base/java.lang.invoke=ALL-UNNAMED --add-opens=java.base/java.util=ALL-UNNAMED --add-opens=java.prefs/java.util.prefs=ALL-UNNAMED --add-opens=java.prefs/java.util.prefs=ALL-UNNAMED --add-opens=java.base/java.nio.charset=ALL-UNNAMED --add-opens=java.base/java.net=ALL-UNNAMED --add-opens=java.base/java.util.concurrent.atomic=ALL-UNNAMED -Xmx2048m -Dfile.encoding=UTF-8 -Duser.country=419 -Duser.language=es -Duser.variant 
java_command: org.gradle.launcher.daemon.bootstrap.GradleDaemon 7.3.3
java_class_path (initial): C:\Users\Usuario Final\AndroidStudioProjects\ProyectoIIIUNIDADdispositivosmoviles\.gradle\gradle-7.3.3\wrapper\dists\gradle-7.3.3-bin\6a41zxkdtcxs8rphpq6y0069z\gradle-7.3.3\lib\gradle-launcher-7.3.3.jar
Launcher Type: SUN_STANDARD

[Global flags]
     intx CICompilerCount                          = 3                                         {product} {ergonomic}
     uint ConcGCThreads                            = 1                                         {product} {ergonomic}
     uint G1ConcRefinementThreads                  = 4                                         {product} {ergonomic}
   size_t G1HeapRegionSize                         = 1048576                                   {product} {ergonomic}
    uintx GCDrainStackTargetSize                   = 64                                        {product} {ergonomic}
   size_t InitialHeapSize                          = 201326592                                 {product} {ergonomic}
   size_t MarkStackSize                            = 4194304                                   {product} {ergonomic}
   size_t MaxHeapSize                              = 2147483648                                {product} {command line}
   size_t MaxNewSize                               = 1287651328                                {product} {ergonomic}
   size_t MinHeapDeltaBytes                        = 1048576                                   {product} {ergonomic}
    uintx NonNMethodCodeHeapSize                   = 5830732                                {pd product} {ergonomic}
    uintx NonProfiledCodeHeapSize                  = 122913754                              {pd product} {ergonomic}
    uintx ProfiledCodeHeapSize                     = 122913754                              {pd product} {ergonomic}
    uintx ReservedCodeCacheSize                    = 251658240                              {pd product} {ergonomic}
     bool SegmentedCodeCache                       = true                                      {product} {ergonomic}
     bool UseCompressedClassPointers               = true                                 {lp64_product} {ergonomic}
     bool UseCompressedOops                        = true                                 {lp64_product} {ergonomic}
     bool UseG1GC                                  = true                                      {product} {ergonomic}
     bool UseLargePagesIndividualAllocation        = false                                  {pd product} {ergonomic}

Logging:
Log output configuration:
 #0: stdout all=warning uptime,level,tags
 #1: stderr all=off uptime,level,tags

Environment Variables:
PATH=C:\Windows\system32;C:\Windows;C:\Windows\System32\Wbem;C:\Windows\System32\WindowsPowerShell\v1.0\;C:\Windows\System32\OpenSSH\;C:\Program Files (x86)\Microsoft SQL Server\150\DTS\Binn\;C:\Program Files\Azure Data Studio\bin;C:\Program Files\Microsoft SQL Server\Client SDK\ODBC\170\Tools\Binn\;C:\Program Files (x86)\Microsoft SQL Server\150\Tools\Binn\;C:\Program Files\Microsoft SQL Server\150\Tools\Binn\;C:\Program Files\Microsoft SQL Server\150\DTS\Binn\;C:\Program Files\nodejs\;C:\Program Files\MySQL\MySQL Shell 8.0\bin\;C:\Users\Usuario Final\AppData\Local\Programs\Python\Python310\Scripts\;C:\Users\Usuario Final\AppData\Local\Programs\Python\Python310\;C:\Users\Usuario Final\AppData\Local\Microsoft\WindowsApps;C:\Users\Usuario Final\AppData\Local\Programs\Microsoft VS Code\bin;C:\Program Files\Azure Data Studio\bin;C:\Users\Usuario Final\AppData\Roaming\npm;C:\Users\Usuario Final\AppData\Local\GitHubDesktop\bin
USERNAME=Usuario Final
OS=Windows_NT
PROCESSOR_IDENTIFIER=Intel64 Family 6 Model 58 Stepping 9, GenuineIntel



---------------  S Y S T E M  ---------------

OS: Windows 10 , 64 bit Build 19041 (10.0.19041.1806)
OS uptime: 2 days 10:15 hours

CPU:total 4 (initial active 4) (2 cores per cpu, 2 threads per core) family 6 model 58 stepping 9 microcode 0x21, cmov, cx8, fxsr, mmx, sse, sse2, sse3, ssse3, sse4.1, sse4.2, popcnt, avx, clmul, erms, ht, tsc, tscinvbit, tscinv

Memory: 4k page, system-wide physical 12249M (2096M free)
TotalPageFile size 14249M (AvailPageFile size 16M)
current process WorkingSet (physical memory assigned to process): 652M, peak: 653M
current process commit charge ("private bytes"): 679M, peak: 734M

vm_info: OpenJDK 64-Bit Server VM (11.0.12+7-b1504.28-7817840) for windows-amd64 JRE (11.0.12+7-b1504.28-7817840), built on Oct 13 2021 22:12:33 by "builder" with MS VC++ 14.0 (VS2015)

END.
